2016-10-17 04:34:01,886 [Worker-11] INFO  o.e.m.c.i.l.LifecycleMappingFactory - Using org.eclipse.m2e.jdt.JarLifecycleMapping lifecycle mapping for MavenProject: com.example:demo:0.0.1-SNAPSHOT @ /home/neha/workspace/firstdemo/pom.xml.
2016-10-17 04:34:02,808 [Worker-11] INFO  o.e.m.j.i.AbstractJavaProjectConfigurator - Adding source folder /firstdemo/src/main/java
2016-10-17 04:34:02,809 [Worker-11] INFO  o.e.m.j.i.AbstractJavaProjectConfigurator - Adding resource folder /firstdemo/src/main/resources
2016-10-17 04:34:02,810 [Worker-11] INFO  o.e.m.j.i.AbstractJavaProjectConfigurator - Adding resource folder /firstdemo/src/main/resources
2016-10-17 04:34:02,811 [Worker-11] INFO  o.e.m.j.i.AbstractJavaProjectConfigurator - Adding source folder /firstdemo/src/test/java
2016-10-17 04:34:03,024 [Worker-11] INFO  o.e.m.c.i.p.ProjectConfigurationManager - Imported and configured 1 project(s) in 3 sec
2016-10-17 04:34:04,112 [Worker-2] INFO  o.e.m.c.i.embedder.EclipseLogger - Using 'UTF-8' encoding to copy filtered resources.
2016-10-17 04:34:04,117 [Worker-2] INFO  o.e.m.c.i.embedder.EclipseLogger - Copying 1 resource
2016-10-17 04:34:04,136 [Worker-2] INFO  o.e.m.c.i.embedder.EclipseLogger - Copying 1 resource
2016-10-17 04:34:04,143 [Worker-2] INFO  o.e.m.c.i.embedder.EclipseLogger - Using 'UTF-8' encoding to copy filtered resources.
2016-10-17 04:34:04,144 [Worker-2] INFO  o.e.m.c.i.embedder.EclipseLogger - skip non existing resourceDirectory /home/neha/workspace/firstdemo/src/test/resources
2016-10-17 04:41:20,165 [Worker-17] INFO  o.e.m.c.i.embedder.EclipseLogger - Using 'UTF-8' encoding to copy filtered resources.
2016-10-17 04:41:20,193 [Worker-17] INFO  o.e.m.c.i.embedder.EclipseLogger - Copying 0 resource
2016-10-17 04:41:20,193 [Worker-17] INFO  o.e.m.c.i.embedder.EclipseLogger - Copying 0 resource
2016-10-17 04:41:20,200 [Worker-17] INFO  o.e.m.c.i.embedder.EclipseLogger - Using 'UTF-8' encoding to copy filtered resources.
2016-10-17 04:41:20,201 [Worker-17] INFO  o.e.m.c.i.embedder.EclipseLogger - skip non existing resourceDirectory /home/neha/workspace/firstdemo/src/test/resources
2016-10-17 04:46:06,970 [Worker-16] INFO  o.e.m.c.i.embedder.EclipseLogger - Using 'UTF-8' encoding to copy filtered resources.
2016-10-17 04:46:06,971 [Worker-16] INFO  o.e.m.c.i.embedder.EclipseLogger - Copying 0 resource
2016-10-17 04:46:06,971 [Worker-16] INFO  o.e.m.c.i.embedder.EclipseLogger - Copying 0 resource
2016-10-17 04:46:06,974 [Worker-16] INFO  o.e.m.c.i.embedder.EclipseLogger - Using 'UTF-8' encoding to copy filtered resources.
2016-10-17 04:46:06,974 [Worker-16] INFO  o.e.m.c.i.embedder.EclipseLogger - skip non existing resourceDirectory /home/neha/workspace/firstdemo/src/test/resources
2016-10-17 04:46:34,075 [Worker-16] INFO  o.e.m.c.i.embedder.EclipseLogger - Using 'UTF-8' encoding to copy filtered resources.
2016-10-17 04:46:34,075 [Worker-16] INFO  o.e.m.c.i.embedder.EclipseLogger - Copying 0 resource
2016-10-17 04:46:34,075 [Worker-16] INFO  o.e.m.c.i.embedder.EclipseLogger - Copying 0 resource
2016-10-17 04:46:34,104 [Worker-16] INFO  o.e.m.c.i.embedder.EclipseLogger - Using 'UTF-8' encoding to copy filtered resources.
2016-10-17 04:46:34,104 [Worker-16] INFO  o.e.m.c.i.embedder.EclipseLogger - skip non existing resourceDirectory /home/neha/workspace/firstdemo/src/test/resources
2016-10-17 04:54:17,370 [Worker-18] ERROR o.e.m.j.i.l.MavenLaunchConfigurationListener - Launch configuration Tomcat.1 references non-existing project firstdemo.
org.eclipse.core.runtime.CoreException: Launch configuration Tomcat.1 references non-existing project firstdemo.
	at org.eclipse.jdt.launching.JavaRuntime.abort(JavaRuntime.java:1408) ~[org.eclipse.jdt.launching_3.8.100.v20160505-0636.jar:na]
	at org.eclipse.jdt.launching.JavaRuntime.getJavaProject(JavaRuntime.java:1283) ~[org.eclipse.jdt.launching_3.8.100.v20160505-0636.jar:na]
	at org.eclipse.m2e.jdt.internal.launch.MavenLaunchConfigurationListener.updateLaunchConfiguration(MavenLaunchConfigurationListener.java:53) [org.eclipse.m2e.jdt_1.7.0.20160603-1933.jar:na]
	at org.eclipse.m2e.jdt.internal.launch.MavenLaunchConfigurationListener.launchConfigurationChanged(MavenLaunchConfigurationListener.java:38) [org.eclipse.m2e.jdt_1.7.0.20160603-1933.jar:na]
	at org.eclipse.debug.internal.core.LaunchManager$ConfigurationNotifier.run(LaunchManager.java:226) [org.eclipse.debug.core_3.10.100.v20160419-1720.jar:na]
	at org.eclipse.core.runtime.SafeRunner.run(SafeRunner.java:42) [org.eclipse.equinox.common_3.8.0.v20160509-1230.jar:na]
	at org.eclipse.debug.internal.core.LaunchManager$ConfigurationNotifier.notify(LaunchManager.java:207) [org.eclipse.debug.core_3.10.100.v20160419-1720.jar:na]
	at org.eclipse.debug.internal.core.LaunchConfigurationWorkingCopy.setDirty(LaunchConfigurationWorkingCopy.java:552) [org.eclipse.debug.core_3.10.100.v20160419-1720.jar:na]
	at org.eclipse.debug.internal.core.LaunchConfigurationWorkingCopy.setAttribute(LaunchConfigurationWorkingCopy.java:425) [org.eclipse.debug.core_3.10.100.v20160419-1720.jar:na]
	at org.eclipse.m2e.jdt.internal.launch.MavenRuntimeClasspathProvider.disable(MavenRuntimeClasspathProvider.java:309) [org.eclipse.m2e.jdt_1.7.0.20160603-1933.jar:na]
	at org.eclipse.m2e.jdt.internal.launch.MavenRuntimeClasspathProvider.disable(MavenRuntimeClasspathProvider.java:335) [org.eclipse.m2e.jdt_1.7.0.20160603-1933.jar:na]
	at org.eclipse.m2e.jdt.internal.launch.MavenLaunchConfigurationListener.mavenProjectChanged(MavenLaunchConfigurationListener.java:70) [org.eclipse.m2e.jdt_1.7.0.20160603-1933.jar:na]
	at org.eclipse.m2e.core.internal.project.registry.ProjectRegistryManager.notifyProjectChangeListeners(ProjectRegistryManager.java:783) [org.eclipse.m2e.core_1.7.0.20160603-1933.jar:na]
	at org.eclipse.m2e.core.internal.project.registry.ProjectRegistryManager.applyMutableProjectRegistry(ProjectRegistryManager.java:930) [org.eclipse.m2e.core_1.7.0.20160603-1933.jar:na]
	at org.eclipse.m2e.core.internal.project.registry.ProjectRegistryRefreshJob$1.call(ProjectRegistryRefreshJob.java:98) [org.eclipse.m2e.core_1.7.0.20160603-1933.jar:na]
	at org.eclipse.m2e.core.internal.project.registry.ProjectRegistryRefreshJob$1.call(ProjectRegistryRefreshJob.java:1) [org.eclipse.m2e.core_1.7.0.20160603-1933.jar:na]
	at org.eclipse.m2e.core.internal.embedder.MavenExecutionContext.executeBare(MavenExecutionContext.java:176) [org.eclipse.m2e.core_1.7.0.20160603-1933.jar:na]
	at org.eclipse.m2e.core.internal.embedder.MavenExecutionContext.execute(MavenExecutionContext.java:151) [org.eclipse.m2e.core_1.7.0.20160603-1933.jar:na]
	at org.eclipse.m2e.core.internal.embedder.MavenExecutionContext.execute(MavenExecutionContext.java:99) [org.eclipse.m2e.core_1.7.0.20160603-1933.jar:na]
	at org.eclipse.m2e.core.internal.embedder.MavenImpl.execute(MavenImpl.java:1355) [org.eclipse.m2e.core_1.7.0.20160603-1933.jar:na]
	at org.eclipse.m2e.core.internal.project.registry.ProjectRegistryRefreshJob.run(ProjectRegistryRefreshJob.java:81) [org.eclipse.m2e.core_1.7.0.20160603-1933.jar:na]
	at org.eclipse.core.internal.jobs.Worker.run(Worker.java:55) [org.eclipse.core.jobs_3.8.0.v20160509-0411.jar:na]
2016-10-17 04:54:17,403 [Worker-18] ERROR o.e.m.j.i.l.MavenLaunchConfigurationListener - Launch configuration Tomcat.1 references non-existing project firstdemo.
org.eclipse.core.runtime.CoreException: Launch configuration Tomcat.1 references non-existing project firstdemo.
	at org.eclipse.jdt.launching.JavaRuntime.abort(JavaRuntime.java:1408) ~[org.eclipse.jdt.launching_3.8.100.v20160505-0636.jar:na]
	at org.eclipse.jdt.launching.JavaRuntime.getJavaProject(JavaRuntime.java:1283) ~[org.eclipse.jdt.launching_3.8.100.v20160505-0636.jar:na]
	at org.eclipse.m2e.jdt.internal.launch.MavenLaunchConfigurationListener.updateLaunchConfiguration(MavenLaunchConfigurationListener.java:53) [org.eclipse.m2e.jdt_1.7.0.20160603-1933.jar:na]
	at org.eclipse.m2e.jdt.internal.launch.MavenLaunchConfigurationListener.launchConfigurationChanged(MavenLaunchConfigurationListener.java:38) [org.eclipse.m2e.jdt_1.7.0.20160603-1933.jar:na]
	at org.eclipse.debug.internal.core.LaunchManager$ConfigurationNotifier.run(LaunchManager.java:226) [org.eclipse.debug.core_3.10.100.v20160419-1720.jar:na]
	at org.eclipse.core.runtime.SafeRunner.run(SafeRunner.java:42) [org.eclipse.equinox.common_3.8.0.v20160509-1230.jar:na]
	at org.eclipse.debug.internal.core.LaunchManager$ConfigurationNotifier.notify(LaunchManager.java:207) [org.eclipse.debug.core_3.10.100.v20160419-1720.jar:na]
	at org.eclipse.debug.internal.core.LaunchConfigurationWorkingCopy.setDirty(LaunchConfigurationWorkingCopy.java:552) [org.eclipse.debug.core_3.10.100.v20160419-1720.jar:na]
	at org.eclipse.debug.internal.core.LaunchConfigurationWorkingCopy.setAttribute(LaunchConfigurationWorkingCopy.java:425) [org.eclipse.debug.core_3.10.100.v20160419-1720.jar:na]
	at org.eclipse.m2e.jdt.internal.launch.MavenRuntimeClasspathProvider.disable(MavenRuntimeClasspathProvider.java:310) [org.eclipse.m2e.jdt_1.7.0.20160603-1933.jar:na]
	at org.eclipse.m2e.jdt.internal.launch.MavenRuntimeClasspathProvider.disable(MavenRuntimeClasspathProvider.java:335) [org.eclipse.m2e.jdt_1.7.0.20160603-1933.jar:na]
	at org.eclipse.m2e.jdt.internal.launch.MavenLaunchConfigurationListener.mavenProjectChanged(MavenLaunchConfigurationListener.java:70) [org.eclipse.m2e.jdt_1.7.0.20160603-1933.jar:na]
	at org.eclipse.m2e.core.internal.project.registry.ProjectRegistryManager.notifyProjectChangeListeners(ProjectRegistryManager.java:783) [org.eclipse.m2e.core_1.7.0.20160603-1933.jar:na]
	at org.eclipse.m2e.core.internal.project.registry.ProjectRegistryManager.applyMutableProjectRegistry(ProjectRegistryManager.java:930) [org.eclipse.m2e.core_1.7.0.20160603-1933.jar:na]
	at org.eclipse.m2e.core.internal.project.registry.ProjectRegistryRefreshJob$1.call(ProjectRegistryRefreshJob.java:98) [org.eclipse.m2e.core_1.7.0.20160603-1933.jar:na]
	at org.eclipse.m2e.core.internal.project.registry.ProjectRegistryRefreshJob$1.call(ProjectRegistryRefreshJob.java:1) [org.eclipse.m2e.core_1.7.0.20160603-1933.jar:na]
	at org.eclipse.m2e.core.internal.embedder.MavenExecutionContext.executeBare(MavenExecutionContext.java:176) [org.eclipse.m2e.core_1.7.0.20160603-1933.jar:na]
	at org.eclipse.m2e.core.internal.embedder.MavenExecutionContext.execute(MavenExecutionContext.java:151) [org.eclipse.m2e.core_1.7.0.20160603-1933.jar:na]
	at org.eclipse.m2e.core.internal.embedder.MavenExecutionContext.execute(MavenExecutionContext.java:99) [org.eclipse.m2e.core_1.7.0.20160603-1933.jar:na]
	at org.eclipse.m2e.core.internal.embedder.MavenImpl.execute(MavenImpl.java:1355) [org.eclipse.m2e.core_1.7.0.20160603-1933.jar:na]
	at org.eclipse.m2e.core.internal.project.registry.ProjectRegistryRefreshJob.run(ProjectRegistryRefreshJob.java:81) [org.eclipse.m2e.core_1.7.0.20160603-1933.jar:na]
	at org.eclipse.core.internal.jobs.Worker.run(Worker.java:55) [org.eclipse.core.jobs_3.8.0.v20160509-0411.jar:na]
2016-10-17 04:54:17,409 [Worker-18] ERROR o.e.m.j.i.l.MavenLaunchConfigurationListener - Launch configuration Tomcat.1 references non-existing project firstdemo.
org.eclipse.core.runtime.CoreException: Launch configuration Tomcat.1 references non-existing project firstdemo.
	at org.eclipse.jdt.launching.JavaRuntime.abort(JavaRuntime.java:1408) ~[org.eclipse.jdt.launching_3.8.100.v20160505-0636.jar:na]
	at org.eclipse.jdt.launching.JavaRuntime.getJavaProject(JavaRuntime.java:1283) ~[org.eclipse.jdt.launching_3.8.100.v20160505-0636.jar:na]
	at org.eclipse.m2e.jdt.internal.launch.MavenLaunchConfigurationListener.updateLaunchConfiguration(MavenLaunchConfigurationListener.java:53) [org.eclipse.m2e.jdt_1.7.0.20160603-1933.jar:na]
	at org.eclipse.m2e.jdt.internal.launch.MavenLaunchConfigurationListener.launchConfigurationChanged(MavenLaunchConfigurationListener.java:38) [org.eclipse.m2e.jdt_1.7.0.20160603-1933.jar:na]
	at org.eclipse.debug.internal.core.LaunchManager$ConfigurationNotifier.run(LaunchManager.java:226) [org.eclipse.debug.core_3.10.100.v20160419-1720.jar:na]
	at org.eclipse.core.runtime.SafeRunner.run(SafeRunner.java:42) [org.eclipse.equinox.common_3.8.0.v20160509-1230.jar:na]
	at org.eclipse.debug.internal.core.LaunchManager$ConfigurationNotifier.notify(LaunchManager.java:207) [org.eclipse.debug.core_3.10.100.v20160419-1720.jar:na]
	at org.eclipse.debug.internal.core.LaunchManager.launchConfigurationChanged(LaunchManager.java:2161) [org.eclipse.debug.core_3.10.100.v20160419-1720.jar:na]
	at org.eclipse.debug.internal.core.LaunchConfigurationWorkingCopy.writeNewFile(LaunchConfigurationWorkingCopy.java:384) [org.eclipse.debug.core_3.10.100.v20160419-1720.jar:na]
	at org.eclipse.debug.internal.core.LaunchConfigurationWorkingCopy.doSave0(LaunchConfigurationWorkingCopy.java:250) [org.eclipse.debug.core_3.10.100.v20160419-1720.jar:na]
	at org.eclipse.debug.internal.core.LaunchConfigurationWorkingCopy.doSave(LaunchConfigurationWorkingCopy.java:220) [org.eclipse.debug.core_3.10.100.v20160419-1720.jar:na]
	at org.eclipse.debug.internal.core.LaunchConfigurationWorkingCopy.doSave(LaunchConfigurationWorkingCopy.java:173) [org.eclipse.debug.core_3.10.100.v20160419-1720.jar:na]
	at org.eclipse.m2e.jdt.internal.launch.MavenRuntimeClasspathProvider.disable(MavenRuntimeClasspathProvider.java:311) [org.eclipse.m2e.jdt_1.7.0.20160603-1933.jar:na]
	at org.eclipse.m2e.jdt.internal.launch.MavenRuntimeClasspathProvider.disable(MavenRuntimeClasspathProvider.java:335) [org.eclipse.m2e.jdt_1.7.0.20160603-1933.jar:na]
	at org.eclipse.m2e.jdt.internal.launch.MavenLaunchConfigurationListener.mavenProjectChanged(MavenLaunchConfigurationListener.java:70) [org.eclipse.m2e.jdt_1.7.0.20160603-1933.jar:na]
	at org.eclipse.m2e.core.internal.project.registry.ProjectRegistryManager.notifyProjectChangeListeners(ProjectRegistryManager.java:783) [org.eclipse.m2e.core_1.7.0.20160603-1933.jar:na]
	at org.eclipse.m2e.core.internal.project.registry.ProjectRegistryManager.applyMutableProjectRegistry(ProjectRegistryManager.java:930) [org.eclipse.m2e.core_1.7.0.20160603-1933.jar:na]
	at org.eclipse.m2e.core.internal.project.registry.ProjectRegistryRefreshJob$1.call(ProjectRegistryRefreshJob.java:98) [org.eclipse.m2e.core_1.7.0.20160603-1933.jar:na]
	at org.eclipse.m2e.core.internal.project.registry.ProjectRegistryRefreshJob$1.call(ProjectRegistryRefreshJob.java:1) [org.eclipse.m2e.core_1.7.0.20160603-1933.jar:na]
	at org.eclipse.m2e.core.internal.embedder.MavenExecutionContext.executeBare(MavenExecutionContext.java:176) [org.eclipse.m2e.core_1.7.0.20160603-1933.jar:na]
	at org.eclipse.m2e.core.internal.embedder.MavenExecutionContext.execute(MavenExecutionContext.java:151) [org.eclipse.m2e.core_1.7.0.20160603-1933.jar:na]
	at org.eclipse.m2e.core.internal.embedder.MavenExecutionContext.execute(MavenExecutionContext.java:99) [org.eclipse.m2e.core_1.7.0.20160603-1933.jar:na]
	at org.eclipse.m2e.core.internal.embedder.MavenImpl.execute(MavenImpl.java:1355) [org.eclipse.m2e.core_1.7.0.20160603-1933.jar:na]
	at org.eclipse.m2e.core.internal.project.registry.ProjectRegistryRefreshJob.run(ProjectRegistryRefreshJob.java:81) [org.eclipse.m2e.core_1.7.0.20160603-1933.jar:na]
	at org.eclipse.core.internal.jobs.Worker.run(Worker.java:55) [org.eclipse.core.jobs_3.8.0.v20160509-0411.jar:na]
2016-10-17 04:56:34,367 [Worker-18] INFO  o.e.m.c.i.l.LifecycleMappingFactory - Using org.eclipse.m2e.jdt.JarLifecycleMapping lifecycle mapping for MavenProject: com.example:demo:0.0.1-SNAPSHOT @ /home/neha/workspace/firstdemo/pom.xml.
2016-10-17 04:56:34,799 [Worker-18] INFO  o.e.m.j.i.AbstractJavaProjectConfigurator - Adding source folder /firstdemo/src/main/java
2016-10-17 04:56:34,800 [Worker-18] INFO  o.e.m.j.i.AbstractJavaProjectConfigurator - Adding resource folder /firstdemo/src/main/resources
2016-10-17 04:56:34,800 [Worker-18] INFO  o.e.m.j.i.AbstractJavaProjectConfigurator - Adding resource folder /firstdemo/src/main/resources
2016-10-17 04:56:34,801 [Worker-18] INFO  o.e.m.j.i.AbstractJavaProjectConfigurator - Adding source folder /firstdemo/src/test/java
2016-10-17 04:56:34,863 [Worker-18] INFO  o.e.m.c.i.p.ProjectConfigurationManager - Imported and configured 1 project(s) in 1 sec
2016-10-17 04:56:35,453 [Worker-18] INFO  o.e.m.c.i.embedder.EclipseLogger - Using 'UTF-8' encoding to copy filtered resources.
2016-10-17 04:56:35,454 [Worker-18] INFO  o.e.m.c.i.embedder.EclipseLogger - Copying 1 resource
2016-10-17 04:56:35,472 [Worker-18] INFO  o.e.m.c.i.embedder.EclipseLogger - Copying 1 resource
2016-10-17 04:56:35,477 [Worker-18] INFO  o.e.m.c.i.embedder.EclipseLogger - Using 'UTF-8' encoding to copy filtered resources.
2016-10-17 04:56:35,477 [Worker-18] INFO  o.e.m.c.i.embedder.EclipseLogger - skip non existing resourceDirectory /home/neha/workspace/firstdemo/src/test/resources
2016-10-17 04:57:15,243 [Worker-21] INFO  o.e.m.c.i.embedder.EclipseLogger - Using 'UTF-8' encoding to copy filtered resources.
2016-10-17 04:57:15,253 [Worker-21] INFO  o.e.m.c.i.embedder.EclipseLogger - Copying 0 resource
2016-10-17 04:57:15,253 [Worker-21] INFO  o.e.m.c.i.embedder.EclipseLogger - Copying 0 resource
2016-10-17 04:57:15,258 [Worker-21] INFO  o.e.m.c.i.embedder.EclipseLogger - Using 'UTF-8' encoding to copy filtered resources.
2016-10-17 04:57:15,259 [Worker-21] INFO  o.e.m.c.i.embedder.EclipseLogger - skip non existing resourceDirectory /home/neha/workspace/firstdemo/src/test/resources
2016-10-17 04:59:41,077 [Worker-16] INFO  o.e.m.c.i.embedder.EclipseLogger - Using 'UTF-8' encoding to copy filtered resources.
2016-10-17 04:59:41,077 [Worker-16] INFO  o.e.m.c.i.embedder.EclipseLogger - Copying 0 resource
2016-10-17 04:59:41,077 [Worker-16] INFO  o.e.m.c.i.embedder.EclipseLogger - Copying 0 resource
2016-10-17 04:59:41,080 [Worker-16] INFO  o.e.m.c.i.embedder.EclipseLogger - Using 'UTF-8' encoding to copy filtered resources.
2016-10-17 04:59:41,080 [Worker-16] INFO  o.e.m.c.i.embedder.EclipseLogger - skip non existing resourceDirectory /home/neha/workspace/firstdemo/src/test/resources
2016-10-17 05:18:43,265 [Worker-26] INFO  o.e.m.c.i.embedder.EclipseLogger - Using 'UTF-8' encoding to copy filtered resources.
2016-10-17 05:18:43,265 [Worker-26] INFO  o.e.m.c.i.embedder.EclipseLogger - Copying 0 resource
2016-10-17 05:18:43,266 [Worker-26] INFO  o.e.m.c.i.embedder.EclipseLogger - Copying 0 resource
2016-10-17 05:18:43,268 [Worker-26] INFO  o.e.m.c.i.embedder.EclipseLogger - Using 'UTF-8' encoding to copy filtered resources.
2016-10-17 05:18:43,269 [Worker-26] INFO  o.e.m.c.i.embedder.EclipseLogger - skip non existing resourceDirectory /home/neha/workspace/firstdemo/src/test/resources
2016-10-17 21:30:36,891 [Worker-2] INFO  o.e.m.c.i.embedder.EclipseLogger - Using 'UTF-8' encoding to copy filtered resources.
2016-10-17 21:30:36,973 [Worker-2] INFO  o.e.m.c.i.embedder.EclipseLogger - Copying 1 resource
2016-10-17 21:30:36,992 [Worker-2] INFO  o.e.m.c.i.embedder.EclipseLogger - Copying 1 resource
2016-10-17 21:30:37,009 [Worker-2] INFO  o.e.m.c.i.embedder.EclipseLogger - Using 'UTF-8' encoding to copy filtered resources.
2016-10-17 21:30:37,047 [Worker-2] INFO  o.e.m.c.i.embedder.EclipseLogger - skip non existing resourceDirectory /home/neha/workspace/firstdemo/src/test/resources
2016-10-17 21:49:13,451 [Worker-0] INFO  o.e.m.c.i.embedder.EclipseLogger - Using 'UTF-8' encoding to copy filtered resources.
2016-10-17 21:49:13,459 [Worker-0] INFO  o.e.m.c.i.embedder.EclipseLogger - Copying 1 resource
2016-10-17 21:49:13,474 [Worker-0] INFO  o.e.m.c.i.embedder.EclipseLogger - Copying 1 resource
2016-10-17 21:49:13,478 [Worker-0] INFO  o.e.m.c.i.embedder.EclipseLogger - Using 'UTF-8' encoding to copy filtered resources.
2016-10-17 21:49:13,478 [Worker-0] INFO  o.e.m.c.i.embedder.EclipseLogger - skip non existing resourceDirectory /home/neha/workspace/firstdemo/src/test/resources
2016-10-18 01:42:18,722 [Worker-8] INFO  o.e.m.c.i.embedder.EclipseLogger - Using 'UTF-8' encoding to copy filtered resources.
2016-10-18 01:42:18,865 [Worker-8] INFO  o.e.m.c.i.embedder.EclipseLogger - Copying 1 resource
2016-10-18 01:42:18,914 [Worker-8] INFO  o.e.m.c.i.embedder.EclipseLogger - Copying 1 resource
2016-10-18 01:42:18,945 [Worker-8] INFO  o.e.m.c.i.embedder.EclipseLogger - Using 'UTF-8' encoding to copy filtered resources.
2016-10-18 01:42:18,945 [Worker-8] INFO  o.e.m.c.i.embedder.EclipseLogger - skip non existing resourceDirectory /home/neha/workspace/firstdemo/src/test/resources
2016-10-19 01:54:34,301 [Worker-0] INFO  o.e.m.c.i.embedder.EclipseLogger - Using 'UTF-8' encoding to copy filtered resources.
2016-10-19 01:54:34,331 [Worker-0] INFO  o.e.m.c.i.embedder.EclipseLogger - Copying 1 resource
2016-10-19 01:54:34,370 [Worker-0] INFO  o.e.m.c.i.embedder.EclipseLogger - Copying 1 resource
2016-10-19 01:54:34,397 [Worker-0] INFO  o.e.m.c.i.embedder.EclipseLogger - Using 'UTF-8' encoding to copy filtered resources.
2016-10-19 01:54:34,408 [Worker-0] INFO  o.e.m.c.i.embedder.EclipseLogger - skip non existing resourceDirectory /home/neha/workspace/firstdemo/src/test/resources
2016-10-19 03:43:15,749 [Worker-65] INFO  o.e.m.c.i.e.AbstractTransferListenerAdapter - Downloading https://repo.maven.apache.org/maven2/org/springframework/spring-core/3.2.2.RELEASE/spring-core-3.2.2.RELEASE.pom
2016-10-19 03:43:16,187 [Worker-65] INFO  o.e.m.c.i.e.AbstractTransferListenerAdapter - Downloaded https://repo.maven.apache.org/maven2/org/springframework/spring-core/3.2.2.RELEASE/spring-core-3.2.2.RELEASE.pom
2016-10-19 03:43:16,909 [Worker-65] INFO  o.e.m.c.i.e.AbstractTransferListenerAdapter - Downloading https://repo.maven.apache.org/maven2/commons-logging/commons-logging/1.1.1/commons-logging-1.1.1.pom
2016-10-19 03:43:17,499 [Worker-65] INFO  o.e.m.c.i.e.AbstractTransferListenerAdapter - Downloaded https://repo.maven.apache.org/maven2/commons-logging/commons-logging/1.1.1/commons-logging-1.1.1.pom
2016-10-19 03:43:18,150 [Worker-65] INFO  o.e.m.c.i.e.AbstractTransferListenerAdapter - Downloading https://repo.maven.apache.org/maven2/org/apache/commons/commons-parent/5/commons-parent-5.pom
2016-10-19 03:43:18,547 [Worker-65] INFO  o.e.m.c.i.e.AbstractTransferListenerAdapter - Downloaded https://repo.maven.apache.org/maven2/org/apache/commons/commons-parent/5/commons-parent-5.pom
2016-10-19 03:43:19,091 [Worker-65] INFO  o.e.m.c.i.e.AbstractTransferListenerAdapter - Downloading https://repo.maven.apache.org/maven2/org/springframework/spring-context/3.2.2.RELEASE/spring-context-3.2.2.RELEASE.pom
2016-10-19 03:43:19,383 [Worker-65] INFO  o.e.m.c.i.e.AbstractTransferListenerAdapter - Downloaded https://repo.maven.apache.org/maven2/org/springframework/spring-context/3.2.2.RELEASE/spring-context-3.2.2.RELEASE.pom
2016-10-19 03:43:19,774 [Worker-65] INFO  o.e.m.c.i.e.AbstractTransferListenerAdapter - Downloading https://repo.maven.apache.org/maven2/org/springframework/spring-aop/3.2.2.RELEASE/spring-aop-3.2.2.RELEASE.pom
2016-10-19 03:43:20,077 [Worker-65] INFO  o.e.m.c.i.e.AbstractTransferListenerAdapter - Downloaded https://repo.maven.apache.org/maven2/org/springframework/spring-aop/3.2.2.RELEASE/spring-aop-3.2.2.RELEASE.pom
2016-10-19 03:43:20,454 [Worker-65] INFO  o.e.m.c.i.e.AbstractTransferListenerAdapter - Downloading https://repo.maven.apache.org/maven2/aopalliance/aopalliance/1.0/aopalliance-1.0.pom
2016-10-19 03:43:20,737 [Worker-65] INFO  o.e.m.c.i.e.AbstractTransferListenerAdapter - Downloaded https://repo.maven.apache.org/maven2/aopalliance/aopalliance/1.0/aopalliance-1.0.pom
2016-10-19 03:43:21,033 [Worker-65] INFO  o.e.m.c.i.e.AbstractTransferListenerAdapter - Downloading https://repo.maven.apache.org/maven2/org/springframework/spring-beans/3.2.2.RELEASE/spring-beans-3.2.2.RELEASE.pom
2016-10-19 03:43:21,320 [Worker-65] INFO  o.e.m.c.i.e.AbstractTransferListenerAdapter - Downloaded https://repo.maven.apache.org/maven2/org/springframework/spring-beans/3.2.2.RELEASE/spring-beans-3.2.2.RELEASE.pom
2016-10-19 03:43:22,100 [Worker-65] INFO  o.e.m.c.i.e.AbstractTransferListenerAdapter - Downloading https://repo.maven.apache.org/maven2/org/springframework/spring-expression/3.2.2.RELEASE/spring-expression-3.2.2.RELEASE.pom
2016-10-19 03:43:22,401 [Worker-65] INFO  o.e.m.c.i.e.AbstractTransferListenerAdapter - Downloaded https://repo.maven.apache.org/maven2/org/springframework/spring-expression/3.2.2.RELEASE/spring-expression-3.2.2.RELEASE.pom
2016-10-19 03:43:22,729 [Worker-65] INFO  o.e.m.c.i.e.AbstractTransferListenerAdapter - Downloading https://repo.maven.apache.org/maven2/org/mongodb/mongo-java-driver/2.11.0/mongo-java-driver-2.11.0.pom
2016-10-19 03:43:23,038 [Worker-65] INFO  o.e.m.c.i.e.AbstractTransferListenerAdapter - Downloaded https://repo.maven.apache.org/maven2/org/mongodb/mongo-java-driver/2.11.0/mongo-java-driver-2.11.0.pom
2016-10-19 03:43:23,381 [Worker-65] INFO  o.e.m.c.i.e.AbstractTransferListenerAdapter - Downloading https://repo.maven.apache.org/maven2/org/springframework/data/spring-data-mongodb/1.2.0.RELEASE/spring-data-mongodb-1.2.0.RELEASE.pom
2016-10-19 03:43:23,736 [Worker-65] INFO  o.e.m.c.i.e.AbstractTransferListenerAdapter - Downloaded https://repo.maven.apache.org/maven2/org/springframework/data/spring-data-mongodb/1.2.0.RELEASE/spring-data-mongodb-1.2.0.RELEASE.pom
2016-10-19 03:43:24,052 [Worker-65] INFO  o.e.m.c.i.e.AbstractTransferListenerAdapter - Downloading https://repo.maven.apache.org/maven2/org/springframework/data/spring-data-mongodb-parent/1.2.0.RELEASE/spring-data-mongodb-parent-1.2.0.RELEASE.pom
2016-10-19 03:43:24,473 [Worker-65] INFO  o.e.m.c.i.e.AbstractTransferListenerAdapter - Downloaded https://repo.maven.apache.org/maven2/org/springframework/data/spring-data-mongodb-parent/1.2.0.RELEASE/spring-data-mongodb-parent-1.2.0.RELEASE.pom
2016-10-19 03:43:24,844 [Worker-65] INFO  o.e.m.c.i.e.AbstractTransferListenerAdapter - Downloading https://repo.maven.apache.org/maven2/org/springframework/data/build/spring-data-parent/1.0.0.RELEASE/spring-data-parent-1.0.0.RELEASE.pom
2016-10-19 03:43:25,243 [Worker-65] INFO  o.e.m.c.i.e.AbstractTransferListenerAdapter - Downloaded https://repo.maven.apache.org/maven2/org/springframework/data/build/spring-data-parent/1.0.0.RELEASE/spring-data-parent-1.0.0.RELEASE.pom
2016-10-19 03:43:25,531 [Worker-65] INFO  o.e.m.c.i.e.AbstractTransferListenerAdapter - Downloading https://repo.maven.apache.org/maven2/org/springframework/data/build/spring-data-build/1.0.0.RELEASE/spring-data-build-1.0.0.RELEASE.pom
2016-10-19 03:43:25,896 [Worker-65] INFO  o.e.m.c.i.e.AbstractTransferListenerAdapter - Downloaded https://repo.maven.apache.org/maven2/org/springframework/data/build/spring-data-build/1.0.0.RELEASE/spring-data-build-1.0.0.RELEASE.pom
2016-10-19 03:43:26,210 [Worker-65] INFO  o.e.m.c.i.e.AbstractTransferListenerAdapter - Downloading https://repo.maven.apache.org/maven2/org/springframework/spring-tx/3.1.4.RELEASE/spring-tx-3.1.4.RELEASE.pom
2016-10-19 03:43:26,493 [Worker-65] INFO  o.e.m.c.i.e.AbstractTransferListenerAdapter - Downloaded https://repo.maven.apache.org/maven2/org/springframework/spring-tx/3.1.4.RELEASE/spring-tx-3.1.4.RELEASE.pom
2016-10-19 03:43:26,887 [Worker-65] INFO  o.e.m.c.i.e.AbstractTransferListenerAdapter - Downloading https://repo.maven.apache.org/maven2/org/springframework/spring-parent/3.1.4.RELEASE/spring-parent-3.1.4.RELEASE.pom
2016-10-19 03:43:27,182 [Worker-65] INFO  o.e.m.c.i.e.AbstractTransferListenerAdapter - Downloaded https://repo.maven.apache.org/maven2/org/springframework/spring-parent/3.1.4.RELEASE/spring-parent-3.1.4.RELEASE.pom
2016-10-19 03:43:27,482 [Worker-65] INFO  o.e.m.c.i.e.AbstractTransferListenerAdapter - Downloading https://repo.maven.apache.org/maven2/org/springframework/spring-aop/3.1.4.RELEASE/spring-aop-3.1.4.RELEASE.pom
2016-10-19 03:43:27,765 [Worker-65] INFO  o.e.m.c.i.e.AbstractTransferListenerAdapter - Downloaded https://repo.maven.apache.org/maven2/org/springframework/spring-aop/3.1.4.RELEASE/spring-aop-3.1.4.RELEASE.pom
2016-10-19 03:43:28,050 [Worker-65] INFO  o.e.m.c.i.e.AbstractTransferListenerAdapter - Downloading https://repo.maven.apache.org/maven2/org/springframework/spring-asm/3.1.4.RELEASE/spring-asm-3.1.4.RELEASE.pom
2016-10-19 03:43:28,333 [Worker-65] INFO  o.e.m.c.i.e.AbstractTransferListenerAdapter - Downloaded https://repo.maven.apache.org/maven2/org/springframework/spring-asm/3.1.4.RELEASE/spring-asm-3.1.4.RELEASE.pom
2016-10-19 03:43:29,343 [Worker-65] INFO  o.e.m.c.i.e.AbstractTransferListenerAdapter - Downloading https://repo.maven.apache.org/maven2/org/springframework/spring-beans/3.1.4.RELEASE/spring-beans-3.1.4.RELEASE.pom
2016-10-19 03:43:29,627 [Worker-65] INFO  o.e.m.c.i.e.AbstractTransferListenerAdapter - Downloaded https://repo.maven.apache.org/maven2/org/springframework/spring-beans/3.1.4.RELEASE/spring-beans-3.1.4.RELEASE.pom
2016-10-19 03:43:29,915 [Worker-65] INFO  o.e.m.c.i.e.AbstractTransferListenerAdapter - Downloading https://repo.maven.apache.org/maven2/org/springframework/spring-core/3.1.4.RELEASE/spring-core-3.1.4.RELEASE.pom
2016-10-19 03:43:30,199 [Worker-65] INFO  o.e.m.c.i.e.AbstractTransferListenerAdapter - Downloaded https://repo.maven.apache.org/maven2/org/springframework/spring-core/3.1.4.RELEASE/spring-core-3.1.4.RELEASE.pom
2016-10-19 03:43:30,485 [Worker-65] INFO  o.e.m.c.i.e.AbstractTransferListenerAdapter - Downloading https://repo.maven.apache.org/maven2/org/springframework/spring-context/3.1.4.RELEASE/spring-context-3.1.4.RELEASE.pom
2016-10-19 03:43:30,794 [Worker-65] INFO  o.e.m.c.i.e.AbstractTransferListenerAdapter - Downloaded https://repo.maven.apache.org/maven2/org/springframework/spring-context/3.1.4.RELEASE/spring-context-3.1.4.RELEASE.pom
2016-10-19 03:43:31,081 [Worker-65] INFO  o.e.m.c.i.e.AbstractTransferListenerAdapter - Downloading https://repo.maven.apache.org/maven2/org/springframework/spring-expression/3.1.4.RELEASE/spring-expression-3.1.4.RELEASE.pom
2016-10-19 03:43:31,364 [Worker-65] INFO  o.e.m.c.i.e.AbstractTransferListenerAdapter - Downloaded https://repo.maven.apache.org/maven2/org/springframework/spring-expression/3.1.4.RELEASE/spring-expression-3.1.4.RELEASE.pom
2016-10-19 03:43:32,240 [Worker-65] INFO  o.e.m.c.i.e.AbstractTransferListenerAdapter - Downloading https://repo.maven.apache.org/maven2/org/springframework/data/spring-data-commons/1.5.0.RELEASE/spring-data-commons-1.5.0.RELEASE.pom
2016-10-19 03:43:32,532 [Worker-65] INFO  o.e.m.c.i.e.AbstractTransferListenerAdapter - Downloaded https://repo.maven.apache.org/maven2/org/springframework/data/spring-data-commons/1.5.0.RELEASE/spring-data-commons-1.5.0.RELEASE.pom
2016-10-19 03:43:33,204 [Worker-65] INFO  o.e.m.c.i.e.AbstractTransferListenerAdapter - Downloading https://repo.maven.apache.org/maven2/org/slf4j/slf4j-api/1.7.1/slf4j-api-1.7.1.pom
2016-10-19 03:43:33,486 [Worker-65] INFO  o.e.m.c.i.e.AbstractTransferListenerAdapter - Downloaded https://repo.maven.apache.org/maven2/org/slf4j/slf4j-api/1.7.1/slf4j-api-1.7.1.pom
2016-10-19 03:43:34,234 [Worker-65] INFO  o.e.m.c.i.e.AbstractTransferListenerAdapter - Downloading https://repo.maven.apache.org/maven2/org/slf4j/slf4j-parent/1.7.1/slf4j-parent-1.7.1.pom
2016-10-19 03:43:34,898 [Worker-65] INFO  o.e.m.c.i.e.AbstractTransferListenerAdapter - Downloaded https://repo.maven.apache.org/maven2/org/slf4j/slf4j-parent/1.7.1/slf4j-parent-1.7.1.pom
2016-10-19 03:43:35,200 [Worker-65] INFO  o.e.m.c.i.e.AbstractTransferListenerAdapter - Downloading https://repo.maven.apache.org/maven2/org/slf4j/jcl-over-slf4j/1.7.1/jcl-over-slf4j-1.7.1.pom
2016-10-19 03:43:35,939 [Worker-65] INFO  o.e.m.c.i.e.AbstractTransferListenerAdapter - Downloaded https://repo.maven.apache.org/maven2/org/slf4j/jcl-over-slf4j/1.7.1/jcl-over-slf4j-1.7.1.pom
2016-10-19 03:43:36,265 [Worker-65] INFO  o.e.m.c.i.e.AbstractTransferListenerAdapter - Downloading https://repo.maven.apache.org/maven2/org/mongodb/mongo-java-driver/2.10.1/mongo-java-driver-2.10.1.pom
2016-10-19 03:43:36,612 [Worker-65] INFO  o.e.m.c.i.e.AbstractTransferListenerAdapter - Downloaded https://repo.maven.apache.org/maven2/org/mongodb/mongo-java-driver/2.10.1/mongo-java-driver-2.10.1.pom
2016-10-19 03:43:36,897 [Worker-65] INFO  o.e.m.c.i.e.AbstractTransferListenerAdapter - Downloading https://repo.maven.apache.org/maven2/cglib/cglib/2.2.2/cglib-2.2.2.pom
2016-10-19 03:43:37,179 [Worker-65] INFO  o.e.m.c.i.e.AbstractTransferListenerAdapter - Downloaded https://repo.maven.apache.org/maven2/cglib/cglib/2.2.2/cglib-2.2.2.pom
2016-10-19 03:43:37,536 [Worker-65] INFO  o.e.m.c.i.e.AbstractTransferListenerAdapter - Downloading https://repo.maven.apache.org/maven2/asm/asm/3.3.1/asm-3.3.1.pom
2016-10-19 03:43:37,818 [Worker-65] INFO  o.e.m.c.i.e.AbstractTransferListenerAdapter - Downloaded https://repo.maven.apache.org/maven2/asm/asm/3.3.1/asm-3.3.1.pom
2016-10-19 03:43:38,139 [Worker-65] INFO  o.e.m.c.i.e.AbstractTransferListenerAdapter - Downloading https://repo.maven.apache.org/maven2/asm/asm-parent/3.3.1/asm-parent-3.3.1.pom
2016-10-19 03:43:38,421 [Worker-65] INFO  o.e.m.c.i.e.AbstractTransferListenerAdapter - Downloaded https://repo.maven.apache.org/maven2/asm/asm-parent/3.3.1/asm-parent-3.3.1.pom
2016-10-19 03:43:38,738 [Worker-65] INFO  o.e.m.c.i.e.AbstractTransferListenerAdapter - Downloading https://repo.maven.apache.org/maven2/org/springframework/spring-core/3.2.2.RELEASE/spring-core-3.2.2.RELEASE.jar
2016-10-19 03:43:43,580 [Worker-65] INFO  o.e.m.c.i.e.AbstractTransferListenerAdapter - Downloaded https://repo.maven.apache.org/maven2/org/springframework/spring-core/3.2.2.RELEASE/spring-core-3.2.2.RELEASE.jar
2016-10-19 03:43:43,865 [Worker-65] INFO  o.e.m.c.i.e.AbstractTransferListenerAdapter - Downloading https://repo.maven.apache.org/maven2/commons-logging/commons-logging/1.1.1/commons-logging-1.1.1.jar
2016-10-19 03:43:44,582 [Worker-65] INFO  o.e.m.c.i.e.AbstractTransferListenerAdapter - Downloaded https://repo.maven.apache.org/maven2/commons-logging/commons-logging/1.1.1/commons-logging-1.1.1.jar
2016-10-19 03:43:44,956 [Worker-65] INFO  o.e.m.c.i.e.AbstractTransferListenerAdapter - Downloading https://repo.maven.apache.org/maven2/org/springframework/spring-context/3.2.2.RELEASE/spring-context-3.2.2.RELEASE.jar
2016-10-19 03:43:50,335 [Worker-65] INFO  o.e.m.c.i.e.AbstractTransferListenerAdapter - Downloaded https://repo.maven.apache.org/maven2/org/springframework/spring-context/3.2.2.RELEASE/spring-context-3.2.2.RELEASE.jar
2016-10-19 03:43:50,621 [Worker-65] INFO  o.e.m.c.i.e.AbstractTransferListenerAdapter - Downloading https://repo.maven.apache.org/maven2/org/springframework/spring-aop/3.2.2.RELEASE/spring-aop-3.2.2.RELEASE.jar
2016-10-19 03:43:52,769 [Worker-65] INFO  o.e.m.c.i.e.AbstractTransferListenerAdapter - Downloaded https://repo.maven.apache.org/maven2/org/springframework/spring-aop/3.2.2.RELEASE/spring-aop-3.2.2.RELEASE.jar
2016-10-19 03:43:53,119 [Worker-65] INFO  o.e.m.c.i.e.AbstractTransferListenerAdapter - Downloading https://repo.maven.apache.org/maven2/aopalliance/aopalliance/1.0/aopalliance-1.0.jar
2016-10-19 03:43:53,444 [Worker-65] INFO  o.e.m.c.i.e.AbstractTransferListenerAdapter - Downloaded https://repo.maven.apache.org/maven2/aopalliance/aopalliance/1.0/aopalliance-1.0.jar
2016-10-19 03:43:53,732 [Worker-65] INFO  o.e.m.c.i.e.AbstractTransferListenerAdapter - Downloading https://repo.maven.apache.org/maven2/org/springframework/spring-beans/3.2.2.RELEASE/spring-beans-3.2.2.RELEASE.jar
2016-10-19 03:43:59,672 [Worker-65] INFO  o.e.m.c.i.e.AbstractTransferListenerAdapter - Downloaded https://repo.maven.apache.org/maven2/org/springframework/spring-beans/3.2.2.RELEASE/spring-beans-3.2.2.RELEASE.jar
2016-10-19 03:43:59,956 [Worker-65] INFO  o.e.m.c.i.e.AbstractTransferListenerAdapter - Downloading https://repo.maven.apache.org/maven2/org/springframework/spring-expression/3.2.2.RELEASE/spring-expression-3.2.2.RELEASE.jar
2016-10-19 03:44:03,471 [Worker-65] INFO  o.e.m.c.i.e.AbstractTransferListenerAdapter - Downloaded https://repo.maven.apache.org/maven2/org/springframework/spring-expression/3.2.2.RELEASE/spring-expression-3.2.2.RELEASE.jar
2016-10-19 03:44:03,760 [Worker-65] INFO  o.e.m.c.i.e.AbstractTransferListenerAdapter - Downloading https://repo.maven.apache.org/maven2/org/mongodb/mongo-java-driver/2.11.0/mongo-java-driver-2.11.0.jar
2016-10-19 03:44:10,047 [Worker-65] INFO  o.e.m.c.i.e.AbstractTransferListenerAdapter - Downloaded https://repo.maven.apache.org/maven2/org/mongodb/mongo-java-driver/2.11.0/mongo-java-driver-2.11.0.jar
2016-10-19 03:44:10,331 [Worker-65] INFO  o.e.m.c.i.e.AbstractTransferListenerAdapter - Downloading https://repo.maven.apache.org/maven2/org/springframework/data/spring-data-mongodb/1.2.0.RELEASE/spring-data-mongodb-1.2.0.RELEASE.jar
2016-10-19 03:44:14,859 [Worker-65] INFO  o.e.m.c.i.e.AbstractTransferListenerAdapter - Downloaded https://repo.maven.apache.org/maven2/org/springframework/data/spring-data-mongodb/1.2.0.RELEASE/spring-data-mongodb-1.2.0.RELEASE.jar
2016-10-19 03:44:15,144 [Worker-65] INFO  o.e.m.c.i.e.AbstractTransferListenerAdapter - Downloading https://repo.maven.apache.org/maven2/org/springframework/spring-tx/3.1.4.RELEASE/spring-tx-3.1.4.RELEASE.jar
2016-10-19 03:44:15,335 [Worker-48] INFO  o.e.m.c.i.e.AbstractTransferListenerAdapter - Downloading https://repo.maven.apache.org/maven2/org/springframework/data/spring-data-mongodb/1.2.0.RELEASE/spring-data-mongodb-1.2.0.RELEASE.jar
2016-10-19 03:44:16,454 [Worker-48] INFO  o.e.m.c.i.e.AbstractTransferListenerAdapter - Downloaded https://repo.maven.apache.org/maven2/org/springframework/data/spring-data-mongodb/1.2.0.RELEASE/spring-data-mongodb-1.2.0.RELEASE.jar
2016-10-19 03:44:16,573 [Worker-65] INFO  o.e.m.c.i.e.AbstractTransferListenerAdapter - Downloaded https://repo.maven.apache.org/maven2/org/springframework/spring-tx/3.1.4.RELEASE/spring-tx-3.1.4.RELEASE.jar
2016-10-19 03:44:16,711 [Worker-48] INFO  o.e.m.c.i.e.AbstractTransferListenerAdapter - Downloading https://repo.maven.apache.org/maven2/org/springframework/spring-tx/3.1.4.RELEASE/spring-tx-3.1.4.RELEASE.jar
2016-10-19 03:44:16,858 [Worker-65] INFO  o.e.m.c.i.e.AbstractTransferListenerAdapter - Downloading https://repo.maven.apache.org/maven2/org/springframework/data/spring-data-commons/1.5.0.RELEASE/spring-data-commons-1.5.0.RELEASE.jar
2016-10-19 03:44:17,320 [Worker-48] INFO  o.e.m.c.i.e.AbstractTransferListenerAdapter - Downloaded https://repo.maven.apache.org/maven2/org/springframework/spring-tx/3.1.4.RELEASE/spring-tx-3.1.4.RELEASE.jar
2016-10-19 03:44:17,577 [Worker-48] INFO  o.e.m.c.i.e.AbstractTransferListenerAdapter - Downloading https://repo.maven.apache.org/maven2/org/springframework/data/spring-data-commons/1.5.0.RELEASE/spring-data-commons-1.5.0.RELEASE.jar
2016-10-19 03:44:17,911 [Worker-48] INFO  o.e.m.c.i.e.AbstractTransferListenerAdapter - Downloaded https://repo.maven.apache.org/maven2/org/springframework/data/spring-data-commons/1.5.0.RELEASE/spring-data-commons-1.5.0.RELEASE.jar
2016-10-19 03:44:18,097 [Worker-65] INFO  o.e.m.c.i.e.AbstractTransferListenerAdapter - Downloaded https://repo.maven.apache.org/maven2/org/springframework/data/spring-data-commons/1.5.0.RELEASE/spring-data-commons-1.5.0.RELEASE.jar
2016-10-19 03:44:18,179 [Worker-48] INFO  o.e.m.c.i.e.AbstractTransferListenerAdapter - Downloading https://repo.maven.apache.org/maven2/org/slf4j/slf4j-api/1.7.1/slf4j-api-1.7.1.jar
2016-10-19 03:44:18,404 [Worker-65] INFO  o.e.m.c.i.e.AbstractTransferListenerAdapter - Downloading https://repo.maven.apache.org/maven2/org/slf4j/slf4j-api/1.7.1/slf4j-api-1.7.1.jar
2016-10-19 03:44:18,450 [Worker-48] INFO  o.e.m.c.i.e.AbstractTransferListenerAdapter - Downloaded https://repo.maven.apache.org/maven2/org/slf4j/slf4j-api/1.7.1/slf4j-api-1.7.1.jar
2016-10-19 03:44:18,715 [Worker-48] INFO  o.e.m.c.i.e.AbstractTransferListenerAdapter - Downloading https://repo.maven.apache.org/maven2/org/slf4j/jcl-over-slf4j/1.7.1/jcl-over-slf4j-1.7.1.jar
2016-10-19 03:44:18,740 [Worker-65] INFO  o.e.m.c.i.e.AbstractTransferListenerAdapter - Downloaded https://repo.maven.apache.org/maven2/org/slf4j/slf4j-api/1.7.1/slf4j-api-1.7.1.jar
2016-10-19 03:44:19,024 [Worker-65] INFO  o.e.m.c.i.e.AbstractTransferListenerAdapter - Downloading https://repo.maven.apache.org/maven2/org/slf4j/jcl-over-slf4j/1.7.1/jcl-over-slf4j-1.7.1.jar
2016-10-19 03:44:19,372 [Worker-65] INFO  o.e.m.c.i.e.AbstractTransferListenerAdapter - Downloaded https://repo.maven.apache.org/maven2/org/slf4j/jcl-over-slf4j/1.7.1/jcl-over-slf4j-1.7.1.jar
2016-10-19 03:44:19,444 [Worker-48] INFO  o.e.m.c.i.e.AbstractTransferListenerAdapter - Downloaded https://repo.maven.apache.org/maven2/org/slf4j/jcl-over-slf4j/1.7.1/jcl-over-slf4j-1.7.1.jar
2016-10-19 03:44:19,659 [Worker-65] INFO  o.e.m.c.i.e.AbstractTransferListenerAdapter - Downloading https://repo.maven.apache.org/maven2/cglib/cglib/2.2.2/cglib-2.2.2.jar
2016-10-19 03:44:19,715 [Worker-48] INFO  o.e.m.c.i.e.AbstractTransferListenerAdapter - Downloading https://repo.maven.apache.org/maven2/cglib/cglib/2.2.2/cglib-2.2.2.jar
2016-10-19 03:44:20,593 [Worker-48] INFO  o.e.m.c.i.e.AbstractTransferListenerAdapter - Downloaded https://repo.maven.apache.org/maven2/cglib/cglib/2.2.2/cglib-2.2.2.jar
2016-10-19 03:44:20,869 [Worker-48] INFO  o.e.m.c.i.e.AbstractTransferListenerAdapter - Downloading https://repo.maven.apache.org/maven2/asm/asm/3.3.1/asm-3.3.1.jar
2016-10-19 03:44:20,903 [Worker-65] INFO  o.e.m.c.i.e.AbstractTransferListenerAdapter - Downloaded https://repo.maven.apache.org/maven2/cglib/cglib/2.2.2/cglib-2.2.2.jar
2016-10-19 03:44:21,167 [Worker-48] INFO  o.e.m.c.i.e.AbstractTransferListenerAdapter - Downloaded https://repo.maven.apache.org/maven2/asm/asm/3.3.1/asm-3.3.1.jar
2016-10-19 03:44:21,186 [Worker-65] INFO  o.e.m.c.i.e.AbstractTransferListenerAdapter - Downloading https://repo.maven.apache.org/maven2/asm/asm/3.3.1/asm-3.3.1.jar
2016-10-19 03:44:21,513 [Worker-65] INFO  o.e.m.c.i.e.AbstractTransferListenerAdapter - Downloaded https://repo.maven.apache.org/maven2/asm/asm/3.3.1/asm-3.3.1.jar
2016-10-19 03:44:25,130 [Worker-48] INFO  o.e.m.c.i.e.AbstractTransferListenerAdapter - Downloading http://repo.springsource.org/libs-release/org/slf4j/jcl-over-slf4j/1.7.1/jcl-over-slf4j-1.7.1.jar
2016-10-19 03:44:25,246 [Worker-65] INFO  o.e.m.c.i.e.AbstractTransferListenerAdapter - Downloading http://repo.springsource.org/libs-release/org/springframework/data/spring-data-commons/1.5.0.RELEASE/spring-data-commons-1.5.0.RELEASE.jar
2016-10-19 03:44:26,046 [Worker-48] INFO  o.e.m.c.i.e.AbstractTransferListenerAdapter - Downloaded http://repo.springsource.org/libs-release/org/slf4j/jcl-over-slf4j/1.7.1/jcl-over-slf4j-1.7.1.jar
2016-10-19 03:44:34,158 [Worker-65] INFO  o.e.m.c.i.e.AbstractTransferListenerAdapter - Downloaded http://repo.springsource.org/libs-release/org/springframework/data/spring-data-commons/1.5.0.RELEASE/spring-data-commons-1.5.0.RELEASE.jar
2016-10-19 03:48:48,836 [Worker-13] INFO  o.e.m.c.i.embedder.EclipseLogger - Using 'UTF-8' encoding to copy filtered resources.
2016-10-19 03:48:49,070 [Worker-13] INFO  o.e.m.c.i.embedder.EclipseLogger - Copying 1 resource
2016-10-19 03:48:49,151 [Worker-13] INFO  o.e.m.c.i.embedder.EclipseLogger - Copying 1 resource
2016-10-19 03:48:49,209 [Worker-13] INFO  o.e.m.c.i.embedder.EclipseLogger - Using 'UTF-8' encoding to copy filtered resources.
2016-10-19 03:48:49,209 [Worker-13] INFO  o.e.m.c.i.embedder.EclipseLogger - skip non existing resourceDirectory /home/neha/workspace/firstdemo/src/test/resources
2016-10-19 04:16:04,629 [Worker-3] INFO  o.e.m.c.i.embedder.EclipseLogger - Using 'UTF-8' encoding to copy filtered resources.
2016-10-19 04:16:04,761 [Worker-3] INFO  o.e.m.c.i.embedder.EclipseLogger - Copying 1 resource
2016-10-19 04:16:04,833 [Worker-3] INFO  o.e.m.c.i.embedder.EclipseLogger - Copying 1 resource
2016-10-19 04:16:04,854 [Worker-3] INFO  o.e.m.c.i.embedder.EclipseLogger - Using 'UTF-8' encoding to copy filtered resources.
2016-10-19 04:16:04,854 [Worker-3] INFO  o.e.m.c.i.embedder.EclipseLogger - skip non existing resourceDirectory /home/neha/workspace/firstdemo/src/test/resources
2016-10-19 04:54:39,223 [Worker-7] INFO  o.e.m.c.i.l.LifecycleMappingFactory - Using org.eclipse.m2e.jdt.JarLifecycleMapping lifecycle mapping for MavenProject: com.example:demo:0.0.1-SNAPSHOT @ /home/neha/workspace/MongodbDemo/pom.xml.
2016-10-19 04:54:42,415 [Worker-7] INFO  o.e.m.j.i.AbstractJavaProjectConfigurator - Adding source folder /MongodbDemo/src/main/java
2016-10-19 04:54:42,416 [Worker-7] INFO  o.e.m.j.i.AbstractJavaProjectConfigurator - Adding resource folder /MongodbDemo/src/main/resources
2016-10-19 04:54:42,445 [Worker-7] INFO  o.e.m.j.i.AbstractJavaProjectConfigurator - Adding resource folder /MongodbDemo/src/main/resources
2016-10-19 04:54:42,455 [Worker-7] INFO  o.e.m.j.i.AbstractJavaProjectConfigurator - Adding source folder /MongodbDemo/src/test/java
2016-10-19 04:54:43,257 [Worker-7] INFO  o.e.m.c.i.p.ProjectConfigurationManager - Imported and configured 1 project(s) in 6 sec
2016-10-19 04:54:43,272 [Worker-7] INFO  o.e.m.c.i.p.ProjectConfigurationManager - Update started
2016-10-19 04:54:43,861 [Worker-7] INFO  o.e.m.c.i.l.LifecycleMappingFactory - Using org.eclipse.m2e.jdt.JarLifecycleMapping lifecycle mapping for MavenProject: com.example:demo:0.0.1-SNAPSHOT @ /home/neha/workspace/MongodbDemo/pom.xml.
2016-10-19 04:54:44,345 [Worker-7] INFO  o.e.m.j.i.AbstractJavaProjectConfigurator - Adding source folder /MongodbDemo/src/main/java
2016-10-19 04:54:44,349 [Worker-7] INFO  o.e.m.j.i.AbstractJavaProjectConfigurator - Adding resource folder /MongodbDemo/src/main/resources
2016-10-19 04:54:44,352 [Worker-7] INFO  o.e.m.j.i.AbstractJavaProjectConfigurator - Adding resource folder /MongodbDemo/src/main/resources
2016-10-19 04:54:44,358 [Worker-7] INFO  o.e.m.j.i.AbstractJavaProjectConfigurator - Adding source folder /MongodbDemo/src/test/java
2016-10-19 04:54:44,643 [Worker-7] INFO  o.e.m.c.i.p.ProjectConfigurationManager - Update completed: 1 sec
2016-10-19 04:54:46,504 [Worker-8] INFO  o.e.m.c.i.embedder.EclipseLogger - Using 'UTF-8' encoding to copy filtered resources.
2016-10-19 04:54:46,529 [Worker-8] INFO  o.e.m.c.i.embedder.EclipseLogger - Copying 1 resource
2016-10-19 04:54:46,549 [Worker-8] INFO  o.e.m.c.i.embedder.EclipseLogger - Copying 0 resource
2016-10-19 04:54:46,554 [Worker-8] INFO  o.e.m.c.i.embedder.EclipseLogger - Using 'UTF-8' encoding to copy filtered resources.
2016-10-19 04:54:46,554 [Worker-8] INFO  o.e.m.c.i.embedder.EclipseLogger - skip non existing resourceDirectory /home/neha/workspace/MongodbDemo/src/test/resources
2016-10-19 04:54:53,861 [Worker-8] INFO  o.e.m.c.i.embedder.EclipseLogger - Using 'UTF-8' encoding to copy filtered resources.
2016-10-19 04:54:53,862 [Worker-8] INFO  o.e.m.c.i.embedder.EclipseLogger - Copying 1 resource
2016-10-19 04:54:53,863 [Worker-8] INFO  o.e.m.c.i.embedder.EclipseLogger - Copying 1 resource
2016-10-19 04:54:53,877 [Worker-8] INFO  o.e.m.c.i.embedder.EclipseLogger - Using 'UTF-8' encoding to copy filtered resources.
2016-10-19 04:54:53,877 [Worker-8] INFO  o.e.m.c.i.embedder.EclipseLogger - skip non existing resourceDirectory /home/neha/workspace/firstdemo/src/test/resources
2016-10-19 04:55:22,640 [Worker-20] INFO  o.e.m.c.i.l.LifecycleMappingFactory - Using org.eclipse.m2e.jdt.JarLifecycleMapping lifecycle mapping for MavenProject: com.example:demo:0.0.1-SNAPSHOT @ /home/neha/workspace/MongodbDemo/pom.xml.
2016-10-19 04:55:24,696 [Worker-20] INFO  o.e.m.c.i.e.AbstractTransferListenerAdapter - Downloading https://repo.maven.apache.org/maven2/org/mongodb/mongo-java-driver/1.3/mongo-java-driver-1.3.pom
2016-10-19 04:55:24,994 [Worker-20] INFO  o.e.m.c.i.e.AbstractTransferListenerAdapter - Downloaded https://repo.maven.apache.org/maven2/org/mongodb/mongo-java-driver/1.3/mongo-java-driver-1.3.pom
2016-10-19 04:55:25,345 [Worker-20] INFO  o.e.m.c.i.e.AbstractTransferListenerAdapter - Downloading https://repo.maven.apache.org/maven2/org/mongodb/mongo-java-driver/1.3/mongo-java-driver-1.3.jar
2016-10-19 04:55:28,842 [Worker-20] INFO  o.e.m.c.i.e.AbstractTransferListenerAdapter - Downloaded https://repo.maven.apache.org/maven2/org/mongodb/mongo-java-driver/1.3/mongo-java-driver-1.3.jar
2016-10-19 04:55:28,998 [Worker-20] INFO  o.e.m.c.i.embedder.EclipseLogger - Using 'UTF-8' encoding to copy filtered resources.
2016-10-19 04:55:29,000 [Worker-20] INFO  o.e.m.c.i.embedder.EclipseLogger - Copying 0 resource
2016-10-19 04:55:29,001 [Worker-20] INFO  o.e.m.c.i.embedder.EclipseLogger - Copying 0 resource
2016-10-19 04:55:29,004 [Worker-20] INFO  o.e.m.c.i.embedder.EclipseLogger - Using 'UTF-8' encoding to copy filtered resources.
2016-10-19 04:55:29,004 [Worker-20] INFO  o.e.m.c.i.embedder.EclipseLogger - skip non existing resourceDirectory /home/neha/workspace/MongodbDemo/src/test/resources
2016-10-19 04:55:31,432 [Worker-15] INFO  o.e.m.c.i.embedder.EclipseLogger - Using 'UTF-8' encoding to copy filtered resources.
2016-10-19 04:55:31,435 [Worker-15] INFO  o.e.m.c.i.embedder.EclipseLogger - Copying 1 resource
2016-10-19 04:55:31,436 [Worker-15] INFO  o.e.m.c.i.embedder.EclipseLogger - Copying 0 resource
2016-10-19 04:55:31,440 [Worker-15] INFO  o.e.m.c.i.embedder.EclipseLogger - Using 'UTF-8' encoding to copy filtered resources.
2016-10-19 04:55:31,440 [Worker-15] INFO  o.e.m.c.i.embedder.EclipseLogger - skip non existing resourceDirectory /home/neha/workspace/MongodbDemo/src/test/resources
2016-10-19 04:59:54,552 [Worker-9] INFO  o.e.m.c.i.embedder.EclipseLogger - Using 'UTF-8' encoding to copy filtered resources.
2016-10-19 04:59:54,553 [Worker-9] INFO  o.e.m.c.i.embedder.EclipseLogger - Copying 1 resource
2016-10-19 04:59:54,554 [Worker-9] INFO  o.e.m.c.i.embedder.EclipseLogger - Copying 0 resource
2016-10-19 04:59:54,557 [Worker-9] INFO  o.e.m.c.i.embedder.EclipseLogger - Using 'UTF-8' encoding to copy filtered resources.
2016-10-19 04:59:54,557 [Worker-9] INFO  o.e.m.c.i.embedder.EclipseLogger - skip non existing resourceDirectory /home/neha/workspace/MongodbDemo/src/test/resources
2016-10-19 04:59:56,229 [Worker-19] INFO  o.e.m.c.i.embedder.EclipseLogger - Using 'UTF-8' encoding to copy filtered resources.
2016-10-19 04:59:56,229 [Worker-19] INFO  o.e.m.c.i.embedder.EclipseLogger - Copying 0 resource
2016-10-19 04:59:56,229 [Worker-19] INFO  o.e.m.c.i.embedder.EclipseLogger - Copying 0 resource
2016-10-19 04:59:56,233 [Worker-19] INFO  o.e.m.c.i.embedder.EclipseLogger - Using 'UTF-8' encoding to copy filtered resources.
2016-10-19 04:59:56,233 [Worker-19] INFO  o.e.m.c.i.embedder.EclipseLogger - skip non existing resourceDirectory /home/neha/workspace/MongodbDemo/src/test/resources
2016-10-19 05:00:00,448 [Worker-12] INFO  o.e.m.c.i.embedder.EclipseLogger - Using 'UTF-8' encoding to copy filtered resources.
2016-10-19 05:00:00,451 [Worker-12] INFO  o.e.m.c.i.embedder.EclipseLogger - Copying 1 resource
2016-10-19 05:00:00,452 [Worker-12] INFO  o.e.m.c.i.embedder.EclipseLogger - Copying 0 resource
2016-10-19 05:00:00,455 [Worker-12] INFO  o.e.m.c.i.embedder.EclipseLogger - Using 'UTF-8' encoding to copy filtered resources.
2016-10-19 05:00:00,455 [Worker-12] INFO  o.e.m.c.i.embedder.EclipseLogger - skip non existing resourceDirectory /home/neha/workspace/MongodbDemo/src/test/resources
2016-10-19 05:00:09,677 [Worker-12] INFO  o.e.m.c.i.embedder.EclipseLogger - Using 'UTF-8' encoding to copy filtered resources.
2016-10-19 05:00:09,678 [Worker-12] INFO  o.e.m.c.i.embedder.EclipseLogger - Copying 1 resource
2016-10-19 05:00:09,679 [Worker-12] INFO  o.e.m.c.i.embedder.EclipseLogger - Copying 0 resource
2016-10-19 05:00:09,691 [Worker-12] INFO  o.e.m.c.i.embedder.EclipseLogger - Using 'UTF-8' encoding to copy filtered resources.
2016-10-19 05:00:09,691 [Worker-12] INFO  o.e.m.c.i.embedder.EclipseLogger - skip non existing resourceDirectory /home/neha/workspace/MongodbDemo/src/test/resources
2016-10-19 05:00:27,610 [Worker-1] INFO  o.e.m.c.i.embedder.EclipseLogger - Using 'UTF-8' encoding to copy filtered resources.
2016-10-19 05:00:27,610 [Worker-1] INFO  o.e.m.c.i.embedder.EclipseLogger - Copying 1 resource
2016-10-19 05:00:27,612 [Worker-1] INFO  o.e.m.c.i.embedder.EclipseLogger - Copying 0 resource
2016-10-19 05:00:27,618 [Worker-1] INFO  o.e.m.c.i.embedder.EclipseLogger - Using 'UTF-8' encoding to copy filtered resources.
2016-10-19 05:00:27,618 [Worker-1] INFO  o.e.m.c.i.embedder.EclipseLogger - skip non existing resourceDirectory /home/neha/workspace/MongodbDemo/src/test/resources
2016-10-19 05:04:37,456 [Worker-10] INFO  o.e.m.c.i.embedder.EclipseLogger - Using 'UTF-8' encoding to copy filtered resources.
2016-10-19 05:04:37,462 [Worker-10] INFO  o.e.m.c.i.embedder.EclipseLogger - Copying 1 resource
2016-10-19 05:04:37,464 [Worker-10] INFO  o.e.m.c.i.embedder.EclipseLogger - Copying 0 resource
2016-10-19 05:04:37,486 [Worker-10] INFO  o.e.m.c.i.embedder.EclipseLogger - Using 'UTF-8' encoding to copy filtered resources.
2016-10-19 05:04:37,486 [Worker-10] INFO  o.e.m.c.i.embedder.EclipseLogger - skip non existing resourceDirectory /home/neha/workspace/MongodbDemo/src/test/resources
2016-10-19 05:04:52,603 [Worker-24] INFO  o.e.m.c.i.embedder.EclipseLogger - Using 'UTF-8' encoding to copy filtered resources.
2016-10-19 05:04:52,608 [Worker-24] INFO  o.e.m.c.i.embedder.EclipseLogger - Copying 1 resource
2016-10-19 05:04:52,613 [Worker-24] INFO  o.e.m.c.i.embedder.EclipseLogger - Copying 0 resource
2016-10-19 05:04:52,622 [Worker-24] INFO  o.e.m.c.i.embedder.EclipseLogger - Using 'UTF-8' encoding to copy filtered resources.
2016-10-19 05:04:52,622 [Worker-24] INFO  o.e.m.c.i.embedder.EclipseLogger - skip non existing resourceDirectory /home/neha/workspace/MongodbDemo/src/test/resources
2016-10-19 05:06:03,146 [Worker-22] INFO  o.e.m.c.i.embedder.EclipseLogger - Using 'UTF-8' encoding to copy filtered resources.
2016-10-19 05:06:03,148 [Worker-22] INFO  o.e.m.c.i.embedder.EclipseLogger - Copying 1 resource
2016-10-19 05:06:03,149 [Worker-22] INFO  o.e.m.c.i.embedder.EclipseLogger - Copying 0 resource
2016-10-19 05:06:03,154 [Worker-22] INFO  o.e.m.c.i.embedder.EclipseLogger - Using 'UTF-8' encoding to copy filtered resources.
2016-10-19 05:06:03,154 [Worker-22] INFO  o.e.m.c.i.embedder.EclipseLogger - skip non existing resourceDirectory /home/neha/workspace/MongodbDemo/src/test/resources
2016-10-19 05:06:50,004 [Worker-24] INFO  o.e.m.c.i.embedder.EclipseLogger - Using 'UTF-8' encoding to copy filtered resources.
2016-10-19 05:06:50,005 [Worker-24] INFO  o.e.m.c.i.embedder.EclipseLogger - Copying 1 resource
2016-10-19 05:06:50,005 [Worker-24] INFO  o.e.m.c.i.embedder.EclipseLogger - Copying 0 resource
2016-10-19 05:06:50,008 [Worker-24] INFO  o.e.m.c.i.embedder.EclipseLogger - Using 'UTF-8' encoding to copy filtered resources.
2016-10-19 05:06:50,008 [Worker-24] INFO  o.e.m.c.i.embedder.EclipseLogger - skip non existing resourceDirectory /home/neha/workspace/MongodbDemo/src/test/resources
2016-10-19 05:08:08,175 [Worker-10] INFO  o.e.m.c.i.embedder.EclipseLogger - Using 'UTF-8' encoding to copy filtered resources.
2016-10-19 05:08:08,176 [Worker-10] INFO  o.e.m.c.i.embedder.EclipseLogger - Copying 1 resource
2016-10-19 05:08:08,176 [Worker-10] INFO  o.e.m.c.i.embedder.EclipseLogger - Copying 0 resource
2016-10-19 05:08:08,185 [Worker-10] INFO  o.e.m.c.i.embedder.EclipseLogger - Using 'UTF-8' encoding to copy filtered resources.
2016-10-19 05:08:08,185 [Worker-10] INFO  o.e.m.c.i.embedder.EclipseLogger - skip non existing resourceDirectory /home/neha/workspace/MongodbDemo/src/test/resources
2016-10-19 05:10:21,014 [Worker-11] INFO  o.e.m.c.i.embedder.EclipseLogger - Using 'UTF-8' encoding to copy filtered resources.
2016-10-19 05:10:21,015 [Worker-11] INFO  o.e.m.c.i.embedder.EclipseLogger - Copying 1 resource
2016-10-19 05:10:21,015 [Worker-11] INFO  o.e.m.c.i.embedder.EclipseLogger - Copying 0 resource
2016-10-19 05:10:21,018 [Worker-11] INFO  o.e.m.c.i.embedder.EclipseLogger - Using 'UTF-8' encoding to copy filtered resources.
2016-10-19 05:10:21,018 [Worker-11] INFO  o.e.m.c.i.embedder.EclipseLogger - skip non existing resourceDirectory /home/neha/workspace/MongodbDemo/src/test/resources
2016-10-19 05:10:35,810 [Worker-25] INFO  o.e.m.c.i.embedder.EclipseLogger - Using 'UTF-8' encoding to copy filtered resources.
2016-10-19 05:10:35,812 [Worker-25] INFO  o.e.m.c.i.embedder.EclipseLogger - Copying 1 resource
2016-10-19 05:10:35,812 [Worker-25] INFO  o.e.m.c.i.embedder.EclipseLogger - Copying 0 resource
2016-10-19 05:10:35,818 [Worker-25] INFO  o.e.m.c.i.embedder.EclipseLogger - Using 'UTF-8' encoding to copy filtered resources.
2016-10-19 05:10:35,818 [Worker-25] INFO  o.e.m.c.i.embedder.EclipseLogger - skip non existing resourceDirectory /home/neha/workspace/MongodbDemo/src/test/resources
2016-10-19 05:10:55,039 [Worker-26] INFO  o.e.m.c.i.embedder.EclipseLogger - Using 'UTF-8' encoding to copy filtered resources.
2016-10-19 05:10:55,039 [Worker-26] INFO  o.e.m.c.i.embedder.EclipseLogger - Copying 1 resource
2016-10-19 05:10:55,040 [Worker-26] INFO  o.e.m.c.i.embedder.EclipseLogger - Copying 0 resource
2016-10-19 05:10:55,043 [Worker-26] INFO  o.e.m.c.i.embedder.EclipseLogger - Using 'UTF-8' encoding to copy filtered resources.
2016-10-19 05:10:55,045 [Worker-26] INFO  o.e.m.c.i.embedder.EclipseLogger - skip non existing resourceDirectory /home/neha/workspace/MongodbDemo/src/test/resources
2016-10-19 05:11:48,018 [Worker-25] INFO  o.e.m.c.i.embedder.EclipseLogger - Using 'UTF-8' encoding to copy filtered resources.
2016-10-19 05:11:48,018 [Worker-25] INFO  o.e.m.c.i.embedder.EclipseLogger - Copying 1 resource
2016-10-19 05:11:48,019 [Worker-25] INFO  o.e.m.c.i.embedder.EclipseLogger - Copying 0 resource
2016-10-19 05:11:48,027 [Worker-25] INFO  o.e.m.c.i.embedder.EclipseLogger - Using 'UTF-8' encoding to copy filtered resources.
2016-10-19 05:11:48,027 [Worker-25] INFO  o.e.m.c.i.embedder.EclipseLogger - skip non existing resourceDirectory /home/neha/workspace/MongodbDemo/src/test/resources
2016-10-19 05:49:00,033 [Worker-30] INFO  o.e.m.c.i.l.LifecycleMappingFactory - Using org.eclipse.m2e.jdt.JarLifecycleMapping lifecycle mapping for MavenProject: com.example:demo:0.0.1-SNAPSHOT @ /home/neha/workspace/MongodbDemo/pom.xml.
2016-10-19 05:49:02,250 [Worker-30] INFO  o.e.m.c.i.e.AbstractTransferListenerAdapter - Downloading https://repo.maven.apache.org/maven2/org/springframework/data/spring-data-mongodb/1.0.0.RELEASE/spring-data-mongodb-1.0.0.RELEASE.pom
2016-10-19 05:49:02,686 [Worker-30] INFO  o.e.m.c.i.e.AbstractTransferListenerAdapter - Downloaded https://repo.maven.apache.org/maven2/org/springframework/data/spring-data-mongodb/1.0.0.RELEASE/spring-data-mongodb-1.0.0.RELEASE.pom
2016-10-19 05:49:03,046 [Worker-30] INFO  o.e.m.c.i.e.AbstractTransferListenerAdapter - Downloading https://repo.maven.apache.org/maven2/org/springframework/data/spring-data-mongodb-parent/1.0.0.RELEASE/spring-data-mongodb-parent-1.0.0.RELEASE.pom
2016-10-19 05:49:03,551 [Worker-30] INFO  o.e.m.c.i.e.AbstractTransferListenerAdapter - Downloaded https://repo.maven.apache.org/maven2/org/springframework/data/spring-data-mongodb-parent/1.0.0.RELEASE/spring-data-mongodb-parent-1.0.0.RELEASE.pom
2016-10-19 05:49:03,863 [Worker-30] INFO  o.e.m.c.i.e.AbstractTransferListenerAdapter - Downloading https://repo.maven.apache.org/maven2/org/springframework/data/spring-data-commons-core/1.2.0.RELEASE/spring-data-commons-core-1.2.0.RELEASE.pom
2016-10-19 05:49:04,168 [Worker-30] INFO  o.e.m.c.i.e.AbstractTransferListenerAdapter - Downloaded https://repo.maven.apache.org/maven2/org/springframework/data/spring-data-commons-core/1.2.0.RELEASE/spring-data-commons-core-1.2.0.RELEASE.pom
2016-10-19 05:49:04,440 [Worker-30] INFO  o.e.m.c.i.e.AbstractTransferListenerAdapter - Downloading https://repo.maven.apache.org/maven2/org/springframework/data/spring-data-commons-parent/1.2.0.RELEASE/spring-data-commons-parent-1.2.0.RELEASE.pom
2016-10-19 05:49:04,758 [Worker-30] INFO  o.e.m.c.i.e.AbstractTransferListenerAdapter - Downloaded https://repo.maven.apache.org/maven2/org/springframework/data/spring-data-commons-parent/1.2.0.RELEASE/spring-data-commons-parent-1.2.0.RELEASE.pom
2016-10-19 05:49:05,092 [Worker-30] INFO  o.e.m.c.i.e.AbstractTransferListenerAdapter - Downloading https://repo.maven.apache.org/maven2/org/mongodb/mongo-java-driver/3.2.2/mongo-java-driver-3.2.2.pom
2016-10-19 05:49:05,351 [Worker-30] INFO  o.e.m.c.i.e.AbstractTransferListenerAdapter - Downloaded https://repo.maven.apache.org/maven2/org/mongodb/mongo-java-driver/3.2.2/mongo-java-driver-3.2.2.pom
2016-10-19 05:49:05,804 [Worker-30] INFO  o.e.m.c.i.e.AbstractTransferListenerAdapter - Downloading https://repo.maven.apache.org/maven2/org/mongodb/mongo-java-driver/2.10.1/mongo-java-driver-2.10.1.jar
2016-10-19 05:49:07,298 [main] INFO  o.e.m.c.i.e.AbstractTransferListenerAdapter - Downloading https://repo.maven.apache.org/maven2/org/mongodb/mongo-java-driver/2.10.1/mongo-java-driver-2.10.1.jar
2016-10-19 05:49:07,592 [Worker-30] INFO  o.e.m.c.i.e.AbstractTransferListenerAdapter - Downloaded https://repo.maven.apache.org/maven2/org/mongodb/mongo-java-driver/2.10.1/mongo-java-driver-2.10.1.jar
2016-10-19 05:49:07,846 [Worker-30] INFO  o.e.m.c.i.e.AbstractTransferListenerAdapter - Downloading https://repo.maven.apache.org/maven2/org/springframework/data/spring-data-mongodb/1.0.0.RELEASE/spring-data-mongodb-1.0.0.RELEASE.jar
2016-10-19 05:49:09,057 [Worker-30] INFO  o.e.m.c.i.e.AbstractTransferListenerAdapter - Downloaded https://repo.maven.apache.org/maven2/org/springframework/data/spring-data-mongodb/1.0.0.RELEASE/spring-data-mongodb-1.0.0.RELEASE.jar
2016-10-19 05:49:09,312 [Worker-30] INFO  o.e.m.c.i.e.AbstractTransferListenerAdapter - Downloading https://repo.maven.apache.org/maven2/org/springframework/data/spring-data-commons-core/1.2.0.RELEASE/spring-data-commons-core-1.2.0.RELEASE.jar
2016-10-19 05:49:10,618 [Worker-30] INFO  o.e.m.c.i.e.AbstractTransferListenerAdapter - Downloaded https://repo.maven.apache.org/maven2/org/springframework/data/spring-data-commons-core/1.2.0.RELEASE/spring-data-commons-core-1.2.0.RELEASE.jar
2016-10-19 05:49:11,689 [Worker-30] INFO  o.e.m.c.i.embedder.EclipseLogger - Using 'UTF-8' encoding to copy filtered resources.
2016-10-19 05:49:11,690 [Worker-30] INFO  o.e.m.c.i.embedder.EclipseLogger - Copying 0 resource
2016-10-19 05:49:11,690 [Worker-30] INFO  o.e.m.c.i.embedder.EclipseLogger - Copying 0 resource
2016-10-19 05:49:11,693 [Worker-30] INFO  o.e.m.c.i.embedder.EclipseLogger - Using 'UTF-8' encoding to copy filtered resources.
2016-10-19 05:49:11,693 [Worker-30] INFO  o.e.m.c.i.embedder.EclipseLogger - skip non existing resourceDirectory /home/neha/workspace/MongodbDemo/src/test/resources
2016-10-19 05:49:13,107 [main] INFO  o.e.m.c.i.e.AbstractTransferListenerAdapter - Downloaded https://repo.maven.apache.org/maven2/org/mongodb/mongo-java-driver/2.10.1/mongo-java-driver-2.10.1.jar
2016-10-19 05:49:13,512 [main] INFO  o.e.m.c.i.e.AbstractTransferListenerAdapter - Downloading https://repo.maven.apache.org/maven2/org/springframework/data/spring-data-mongodb/1.0.0.RELEASE/spring-data-mongodb-1.0.0.RELEASE.jar
2016-10-19 05:49:17,026 [main] INFO  o.e.m.c.i.e.AbstractTransferListenerAdapter - Downloaded https://repo.maven.apache.org/maven2/org/springframework/data/spring-data-mongodb/1.0.0.RELEASE/spring-data-mongodb-1.0.0.RELEASE.jar
2016-10-19 05:49:17,380 [main] INFO  o.e.m.c.i.e.AbstractTransferListenerAdapter - Downloading https://repo.maven.apache.org/maven2/org/springframework/data/spring-data-commons-core/1.2.0.RELEASE/spring-data-commons-core-1.2.0.RELEASE.jar
2016-10-19 05:49:18,984 [main] INFO  o.e.m.c.i.e.AbstractTransferListenerAdapter - Downloaded https://repo.maven.apache.org/maven2/org/springframework/data/spring-data-commons-core/1.2.0.RELEASE/spring-data-commons-core-1.2.0.RELEASE.jar
2016-10-19 05:49:28,246 [Worker-36] INFO  o.e.m.c.i.embedder.EclipseLogger - Using 'UTF-8' encoding to copy filtered resources.
2016-10-19 05:49:28,246 [Worker-36] INFO  o.e.m.c.i.embedder.EclipseLogger - Copying 1 resource
2016-10-19 05:49:28,247 [Worker-36] INFO  o.e.m.c.i.embedder.EclipseLogger - Copying 0 resource
2016-10-19 05:49:28,251 [Worker-36] INFO  o.e.m.c.i.embedder.EclipseLogger - Using 'UTF-8' encoding to copy filtered resources.
2016-10-19 05:49:28,251 [Worker-36] INFO  o.e.m.c.i.embedder.EclipseLogger - skip non existing resourceDirectory /home/neha/workspace/MongodbDemo/src/test/resources
2016-10-19 05:59:44,612 [Worker-41] INFO  o.e.m.c.i.l.LifecycleMappingFactory - Using org.eclipse.m2e.jdt.JarLifecycleMapping lifecycle mapping for MavenProject: com.example:demo:0.0.1-SNAPSHOT @ /home/neha/workspace/MongodbDemo/pom.xml.
2016-10-19 05:59:46,164 [Worker-41] INFO  o.e.m.c.i.embedder.EclipseLogger - Using 'UTF-8' encoding to copy filtered resources.
2016-10-19 05:59:46,176 [Worker-41] INFO  o.e.m.c.i.embedder.EclipseLogger - Copying 1 resource
2016-10-19 05:59:46,177 [Worker-41] INFO  o.e.m.c.i.embedder.EclipseLogger - Copying 0 resource
2016-10-19 05:59:46,179 [Worker-41] INFO  o.e.m.c.i.embedder.EclipseLogger - Using 'UTF-8' encoding to copy filtered resources.
2016-10-19 05:59:46,180 [Worker-41] INFO  o.e.m.c.i.embedder.EclipseLogger - skip non existing resourceDirectory /home/neha/workspace/MongodbDemo/src/test/resources
2016-10-19 06:00:34,962 [Worker-44] INFO  o.e.m.c.i.l.LifecycleMappingFactory - Using org.eclipse.m2e.jdt.JarLifecycleMapping lifecycle mapping for MavenProject: com.example:demo:0.0.1-SNAPSHOT @ /home/neha/workspace/MongodbDemo/pom.xml.
2016-10-19 06:00:35,541 [Worker-44] INFO  o.e.m.c.i.embedder.EclipseLogger - Using 'UTF-8' encoding to copy filtered resources.
2016-10-19 06:00:35,541 [Worker-44] INFO  o.e.m.c.i.embedder.EclipseLogger - Copying 0 resource
2016-10-19 06:00:35,541 [Worker-44] INFO  o.e.m.c.i.embedder.EclipseLogger - Copying 0 resource
2016-10-19 06:00:35,543 [Worker-44] INFO  o.e.m.c.i.embedder.EclipseLogger - Using 'UTF-8' encoding to copy filtered resources.
2016-10-19 06:00:35,543 [Worker-44] INFO  o.e.m.c.i.embedder.EclipseLogger - skip non existing resourceDirectory /home/neha/workspace/MongodbDemo/src/test/resources
2016-10-19 06:04:06,606 [Worker-42] INFO  o.e.m.c.i.embedder.EclipseLogger - Using 'UTF-8' encoding to copy filtered resources.
2016-10-19 06:04:06,629 [Worker-42] INFO  o.e.m.c.i.embedder.EclipseLogger - Copying 1 resource
2016-10-19 06:04:06,630 [Worker-42] INFO  o.e.m.c.i.embedder.EclipseLogger - Copying 0 resource
2016-10-19 06:04:06,633 [Worker-42] INFO  o.e.m.c.i.embedder.EclipseLogger - Using 'UTF-8' encoding to copy filtered resources.
2016-10-19 06:04:06,633 [Worker-42] INFO  o.e.m.c.i.embedder.EclipseLogger - skip non existing resourceDirectory /home/neha/workspace/MongodbDemo/src/test/resources
2016-10-19 09:30:52,318 [Worker-6] INFO  o.e.m.c.i.embedder.EclipseLogger - Using 'UTF-8' encoding to copy filtered resources.
2016-10-19 09:30:52,355 [Worker-6] INFO  o.e.m.c.i.embedder.EclipseLogger - Copying 1 resource
2016-10-19 09:30:52,397 [Worker-6] INFO  o.e.m.c.i.embedder.EclipseLogger - Copying 0 resource
2016-10-19 09:30:52,401 [Worker-6] INFO  o.e.m.c.i.embedder.EclipseLogger - Using 'UTF-8' encoding to copy filtered resources.
2016-10-19 09:30:52,433 [Worker-6] INFO  o.e.m.c.i.embedder.EclipseLogger - skip non existing resourceDirectory /home/neha/workspace/MongodbDemo/src/test/resources
2016-10-19 09:30:54,274 [Worker-6] INFO  o.e.m.c.i.embedder.EclipseLogger - Using 'UTF-8' encoding to copy filtered resources.
2016-10-19 09:30:54,275 [Worker-6] INFO  o.e.m.c.i.embedder.EclipseLogger - Copying 1 resource
2016-10-19 09:30:54,290 [Worker-6] INFO  o.e.m.c.i.embedder.EclipseLogger - Copying 1 resource
2016-10-19 09:30:54,306 [Worker-6] INFO  o.e.m.c.i.embedder.EclipseLogger - Using 'UTF-8' encoding to copy filtered resources.
2016-10-19 09:30:54,307 [Worker-6] INFO  o.e.m.c.i.embedder.EclipseLogger - skip non existing resourceDirectory /home/neha/workspace/firstdemo/src/test/resources
2016-10-19 10:00:19,128 [Worker-27] INFO  o.e.m.c.i.embedder.EclipseLogger - Using 'UTF-8' encoding to copy filtered resources.
2016-10-19 10:00:19,142 [Worker-27] INFO  o.e.m.c.i.embedder.EclipseLogger - Copying 1 resource
2016-10-19 10:00:19,162 [Worker-27] INFO  o.e.m.c.i.embedder.EclipseLogger - Copying 1 resource
2016-10-19 10:00:19,167 [Worker-27] INFO  o.e.m.c.i.embedder.EclipseLogger - Using 'UTF-8' encoding to copy filtered resources.
2016-10-19 10:00:19,167 [Worker-27] INFO  o.e.m.c.i.embedder.EclipseLogger - skip non existing resourceDirectory /home/neha/workspace/firstdemo/src/test/resources
2016-10-19 21:43:49,533 [Worker-17] INFO  o.e.m.c.i.embedder.EclipseLogger - Using 'UTF-8' encoding to copy filtered resources.
2016-10-19 21:43:49,598 [Worker-17] INFO  o.e.m.c.i.embedder.EclipseLogger - Copying 1 resource
2016-10-19 21:43:49,618 [Worker-17] INFO  o.e.m.c.i.embedder.EclipseLogger - Copying 1 resource
2016-10-19 21:43:49,653 [Worker-17] INFO  o.e.m.c.i.embedder.EclipseLogger - Using 'UTF-8' encoding to copy filtered resources.
2016-10-19 21:43:49,654 [Worker-17] INFO  o.e.m.c.i.embedder.EclipseLogger - skip non existing resourceDirectory /home/neha/workspace/firstdemo/src/test/resources
2016-10-19 22:48:07,310 [Worker-68] INFO  o.e.m.c.i.l.LifecycleMappingFactory - Using org.eclipse.m2e.jdt.JarLifecycleMapping lifecycle mapping for MavenProject: com.example:demo:0.0.1-SNAPSHOT @ /home/neha/workspace/MavenProject/pom.xml.
2016-10-19 22:48:08,118 [Worker-68] INFO  o.e.m.j.i.AbstractJavaProjectConfigurator - Adding source folder /MavenProject/src/main/java
2016-10-19 22:48:08,128 [Worker-68] INFO  o.e.m.j.i.AbstractJavaProjectConfigurator - Adding resource folder /MavenProject/src/main/resources
2016-10-19 22:48:08,132 [Worker-68] INFO  o.e.m.j.i.AbstractJavaProjectConfigurator - Adding resource folder /MavenProject/src/main/resources
2016-10-19 22:48:08,140 [Worker-68] INFO  o.e.m.j.i.AbstractJavaProjectConfigurator - Adding source folder /MavenProject/src/test/java
2016-10-19 22:48:08,469 [Worker-68] INFO  o.e.m.c.i.p.ProjectConfigurationManager - Imported and configured 1 project(s) in 2 sec
2016-10-19 22:48:08,486 [Worker-68] INFO  o.e.m.c.i.p.ProjectConfigurationManager - Update started
2016-10-19 22:48:08,969 [Worker-68] INFO  o.e.m.c.i.l.LifecycleMappingFactory - Using org.eclipse.m2e.jdt.JarLifecycleMapping lifecycle mapping for MavenProject: com.example:demo:0.0.1-SNAPSHOT @ /home/neha/workspace/MavenProject/pom.xml.
2016-10-19 22:48:09,421 [Worker-68] INFO  o.e.m.j.i.AbstractJavaProjectConfigurator - Adding source folder /MavenProject/src/main/java
2016-10-19 22:48:09,422 [Worker-68] INFO  o.e.m.j.i.AbstractJavaProjectConfigurator - Adding resource folder /MavenProject/src/main/resources
2016-10-19 22:48:09,424 [Worker-68] INFO  o.e.m.j.i.AbstractJavaProjectConfigurator - Adding resource folder /MavenProject/src/main/resources
2016-10-19 22:48:09,430 [Worker-68] INFO  o.e.m.j.i.AbstractJavaProjectConfigurator - Adding source folder /MavenProject/src/test/java
2016-10-19 22:48:09,608 [Worker-68] INFO  o.e.m.c.i.p.ProjectConfigurationManager - Update completed: 1 sec
2016-10-19 22:48:10,462 [Worker-67] INFO  o.e.m.c.i.embedder.EclipseLogger - Using 'UTF-8' encoding to copy filtered resources.
2016-10-19 22:48:10,462 [Worker-67] INFO  o.e.m.c.i.embedder.EclipseLogger - Copying 1 resource
2016-10-19 22:48:10,463 [Worker-67] INFO  o.e.m.c.i.embedder.EclipseLogger - Copying 0 resource
2016-10-19 22:48:10,471 [Worker-67] INFO  o.e.m.c.i.embedder.EclipseLogger - Using 'UTF-8' encoding to copy filtered resources.
2016-10-19 22:48:10,471 [Worker-67] INFO  o.e.m.c.i.embedder.EclipseLogger - skip non existing resourceDirectory /home/neha/workspace/MavenProject/src/test/resources
2016-10-19 22:48:11,688 [Worker-72] INFO  o.e.m.c.i.embedder.EclipseLogger - Using 'UTF-8' encoding to copy filtered resources.
2016-10-19 22:48:11,703 [Worker-72] INFO  o.e.m.c.i.embedder.EclipseLogger - Copying 0 resource
2016-10-19 22:48:11,703 [Worker-72] INFO  o.e.m.c.i.embedder.EclipseLogger - Copying 0 resource
2016-10-19 22:48:11,705 [Worker-72] INFO  o.e.m.c.i.embedder.EclipseLogger - Using 'UTF-8' encoding to copy filtered resources.
2016-10-19 22:48:11,705 [Worker-72] INFO  o.e.m.c.i.embedder.EclipseLogger - skip non existing resourceDirectory /home/neha/workspace/MavenProject/src/test/resources
2016-10-19 22:54:08,870 [Worker-75] INFO  o.e.m.c.i.embedder.EclipseLogger - Using 'UTF-8' encoding to copy filtered resources.
2016-10-19 22:54:08,880 [Worker-75] INFO  o.e.m.c.i.embedder.EclipseLogger - Copying 1 resource
2016-10-19 22:54:08,882 [Worker-75] INFO  o.e.m.c.i.embedder.EclipseLogger - Copying 0 resource
2016-10-19 22:54:08,885 [Worker-75] INFO  o.e.m.c.i.embedder.EclipseLogger - Using 'UTF-8' encoding to copy filtered resources.
2016-10-19 22:54:08,885 [Worker-75] INFO  o.e.m.c.i.embedder.EclipseLogger - skip non existing resourceDirectory /home/neha/workspace/MavenProject/src/test/resources
2016-10-19 22:54:52,773 [Worker-75] INFO  o.e.m.c.i.embedder.EclipseLogger - Using 'UTF-8' encoding to copy filtered resources.
2016-10-19 22:54:52,774 [Worker-75] INFO  o.e.m.c.i.embedder.EclipseLogger - Copying 1 resource
2016-10-19 22:54:52,775 [Worker-75] INFO  o.e.m.c.i.embedder.EclipseLogger - Copying 0 resource
2016-10-19 22:54:52,777 [Worker-75] INFO  o.e.m.c.i.embedder.EclipseLogger - Using 'UTF-8' encoding to copy filtered resources.
2016-10-19 22:54:52,777 [Worker-75] INFO  o.e.m.c.i.embedder.EclipseLogger - skip non existing resourceDirectory /home/neha/workspace/MavenProject/src/test/resources
2016-10-19 22:54:52,832 [Worker-75] INFO  o.e.m.c.i.embedder.EclipseLogger - Using 'UTF-8' encoding to copy filtered resources.
2016-10-19 22:54:52,833 [Worker-75] INFO  o.e.m.c.i.embedder.EclipseLogger - Copying 0 resource
2016-10-19 22:54:52,833 [Worker-75] INFO  o.e.m.c.i.embedder.EclipseLogger - Copying 0 resource
2016-10-19 22:54:52,846 [Worker-75] INFO  o.e.m.c.i.embedder.EclipseLogger - Using 'UTF-8' encoding to copy filtered resources.
2016-10-19 22:54:52,846 [Worker-75] INFO  o.e.m.c.i.embedder.EclipseLogger - skip non existing resourceDirectory /home/neha/workspace/firstdemo/src/test/resources
2016-10-19 22:56:42,052 [Worker-72] INFO  o.e.m.c.i.embedder.EclipseLogger - Using 'UTF-8' encoding to copy filtered resources.
2016-10-19 22:56:42,061 [Worker-72] INFO  o.e.m.c.i.embedder.EclipseLogger - Copying 1 resource
2016-10-19 22:56:42,062 [Worker-72] INFO  o.e.m.c.i.embedder.EclipseLogger - Copying 0 resource
2016-10-19 22:56:42,072 [Worker-72] INFO  o.e.m.c.i.embedder.EclipseLogger - Using 'UTF-8' encoding to copy filtered resources.
2016-10-19 22:56:42,073 [Worker-72] INFO  o.e.m.c.i.embedder.EclipseLogger - skip non existing resourceDirectory /home/neha/workspace/MavenProject/src/test/resources
2016-10-19 22:57:10,182 [Worker-78] INFO  o.e.m.c.i.embedder.EclipseLogger - Using 'UTF-8' encoding to copy filtered resources.
2016-10-19 22:57:10,183 [Worker-78] INFO  o.e.m.c.i.embedder.EclipseLogger - Copying 1 resource
2016-10-19 22:57:10,184 [Worker-78] INFO  o.e.m.c.i.embedder.EclipseLogger - Copying 0 resource
2016-10-19 22:57:10,186 [Worker-78] INFO  o.e.m.c.i.embedder.EclipseLogger - Using 'UTF-8' encoding to copy filtered resources.
2016-10-19 22:57:10,187 [Worker-78] INFO  o.e.m.c.i.embedder.EclipseLogger - skip non existing resourceDirectory /home/neha/workspace/MavenProject/src/test/resources
2016-10-19 22:58:41,840 [Worker-76] INFO  o.e.m.c.i.embedder.EclipseLogger - Using 'UTF-8' encoding to copy filtered resources.
2016-10-19 22:58:41,840 [Worker-76] INFO  o.e.m.c.i.embedder.EclipseLogger - Copying 1 resource
2016-10-19 22:58:41,841 [Worker-76] INFO  o.e.m.c.i.embedder.EclipseLogger - Copying 0 resource
2016-10-19 22:58:41,880 [Worker-76] INFO  o.e.m.c.i.embedder.EclipseLogger - Using 'UTF-8' encoding to copy filtered resources.
2016-10-19 22:58:41,881 [Worker-76] INFO  o.e.m.c.i.embedder.EclipseLogger - skip non existing resourceDirectory /home/neha/workspace/MavenProject/src/test/resources
2016-10-19 22:59:10,745 [Worker-72] INFO  o.e.m.c.i.embedder.EclipseLogger - Using 'UTF-8' encoding to copy filtered resources.
2016-10-19 22:59:10,746 [Worker-72] INFO  o.e.m.c.i.embedder.EclipseLogger - Copying 1 resource
2016-10-19 22:59:10,747 [Worker-72] INFO  o.e.m.c.i.embedder.EclipseLogger - Copying 0 resource
2016-10-19 22:59:10,749 [Worker-72] INFO  o.e.m.c.i.embedder.EclipseLogger - Using 'UTF-8' encoding to copy filtered resources.
2016-10-19 22:59:10,749 [Worker-72] INFO  o.e.m.c.i.embedder.EclipseLogger - skip non existing resourceDirectory /home/neha/workspace/MavenProject/src/test/resources
2016-10-19 23:04:03,513 [Worker-75] INFO  o.e.m.c.i.embedder.EclipseLogger - Using 'UTF-8' encoding to copy filtered resources.
2016-10-19 23:04:03,514 [Worker-75] INFO  o.e.m.c.i.embedder.EclipseLogger - Copying 1 resource
2016-10-19 23:04:03,515 [Worker-75] INFO  o.e.m.c.i.embedder.EclipseLogger - Copying 0 resource
2016-10-19 23:04:03,518 [Worker-75] INFO  o.e.m.c.i.embedder.EclipseLogger - Using 'UTF-8' encoding to copy filtered resources.
2016-10-19 23:04:03,519 [Worker-75] INFO  o.e.m.c.i.embedder.EclipseLogger - skip non existing resourceDirectory /home/neha/workspace/MavenProject/src/test/resources
2016-10-19 23:05:37,364 [Worker-74] INFO  o.e.m.c.i.embedder.EclipseLogger - Using 'UTF-8' encoding to copy filtered resources.
2016-10-19 23:05:37,379 [Worker-74] INFO  o.e.m.c.i.embedder.EclipseLogger - Copying 1 resource
2016-10-19 23:05:37,380 [Worker-74] INFO  o.e.m.c.i.embedder.EclipseLogger - Copying 0 resource
2016-10-19 23:05:37,383 [Worker-74] INFO  o.e.m.c.i.embedder.EclipseLogger - Using 'UTF-8' encoding to copy filtered resources.
2016-10-19 23:05:37,384 [Worker-74] INFO  o.e.m.c.i.embedder.EclipseLogger - skip non existing resourceDirectory /home/neha/workspace/MavenProject/src/test/resources
2016-10-19 23:06:21,349 [Worker-72] INFO  o.e.m.c.i.embedder.EclipseLogger - Using 'UTF-8' encoding to copy filtered resources.
2016-10-19 23:06:21,350 [Worker-72] INFO  o.e.m.c.i.embedder.EclipseLogger - Copying 1 resource
2016-10-19 23:06:21,350 [Worker-72] INFO  o.e.m.c.i.embedder.EclipseLogger - Copying 0 resource
2016-10-19 23:06:21,353 [Worker-72] INFO  o.e.m.c.i.embedder.EclipseLogger - Using 'UTF-8' encoding to copy filtered resources.
2016-10-19 23:06:21,353 [Worker-72] INFO  o.e.m.c.i.embedder.EclipseLogger - skip non existing resourceDirectory /home/neha/workspace/MavenProject/src/test/resources
2016-10-19 23:13:28,623 [Worker-84] INFO  o.e.m.c.i.embedder.EclipseLogger - Using 'UTF-8' encoding to copy filtered resources.
2016-10-19 23:13:28,624 [Worker-84] INFO  o.e.m.c.i.embedder.EclipseLogger - Copying 1 resource
2016-10-19 23:13:28,625 [Worker-84] INFO  o.e.m.c.i.embedder.EclipseLogger - Copying 0 resource
2016-10-19 23:13:28,627 [Worker-84] INFO  o.e.m.c.i.embedder.EclipseLogger - Using 'UTF-8' encoding to copy filtered resources.
2016-10-19 23:13:28,627 [Worker-84] INFO  o.e.m.c.i.embedder.EclipseLogger - skip non existing resourceDirectory /home/neha/workspace/MavenProject/src/test/resources
2016-10-19 23:13:35,401 [Worker-78] INFO  o.e.m.c.i.embedder.EclipseLogger - Using 'UTF-8' encoding to copy filtered resources.
2016-10-19 23:13:35,401 [Worker-78] INFO  o.e.m.c.i.embedder.EclipseLogger - Copying 1 resource
2016-10-19 23:13:35,402 [Worker-78] INFO  o.e.m.c.i.embedder.EclipseLogger - Copying 0 resource
2016-10-19 23:13:35,403 [Worker-78] INFO  o.e.m.c.i.embedder.EclipseLogger - Using 'UTF-8' encoding to copy filtered resources.
2016-10-19 23:13:35,403 [Worker-78] INFO  o.e.m.c.i.embedder.EclipseLogger - skip non existing resourceDirectory /home/neha/workspace/MavenProject/src/test/resources
2016-10-19 23:21:44,640 [Worker-81] INFO  o.e.m.c.i.embedder.EclipseLogger - Using 'UTF-8' encoding to copy filtered resources.
2016-10-19 23:21:44,656 [Worker-81] INFO  o.e.m.c.i.embedder.EclipseLogger - Copying 1 resource
2016-10-19 23:21:44,658 [Worker-81] INFO  o.e.m.c.i.embedder.EclipseLogger - Copying 0 resource
2016-10-19 23:21:44,663 [Worker-81] INFO  o.e.m.c.i.embedder.EclipseLogger - Using 'UTF-8' encoding to copy filtered resources.
2016-10-19 23:21:44,663 [Worker-81] INFO  o.e.m.c.i.embedder.EclipseLogger - skip non existing resourceDirectory /home/neha/workspace/MavenProject/src/test/resources
2016-10-19 23:30:49,089 [Worker-88] INFO  o.e.m.c.i.embedder.EclipseLogger - Using 'UTF-8' encoding to copy filtered resources.
2016-10-19 23:30:49,090 [Worker-88] INFO  o.e.m.c.i.embedder.EclipseLogger - Copying 1 resource
2016-10-19 23:30:49,091 [Worker-88] INFO  o.e.m.c.i.embedder.EclipseLogger - Copying 0 resource
2016-10-19 23:30:49,095 [Worker-88] INFO  o.e.m.c.i.embedder.EclipseLogger - Using 'UTF-8' encoding to copy filtered resources.
2016-10-19 23:30:49,096 [Worker-88] INFO  o.e.m.c.i.embedder.EclipseLogger - skip non existing resourceDirectory /home/neha/workspace/MavenProject/src/test/resources
2016-10-19 23:34:31,822 [Worker-93] INFO  o.e.m.c.i.embedder.EclipseLogger - Using 'UTF-8' encoding to copy filtered resources.
2016-10-19 23:34:31,823 [Worker-93] INFO  o.e.m.c.i.embedder.EclipseLogger - Copying 1 resource
2016-10-19 23:34:31,824 [Worker-93] INFO  o.e.m.c.i.embedder.EclipseLogger - Copying 0 resource
2016-10-19 23:34:31,830 [Worker-93] INFO  o.e.m.c.i.embedder.EclipseLogger - Using 'UTF-8' encoding to copy filtered resources.
2016-10-19 23:34:31,830 [Worker-93] INFO  o.e.m.c.i.embedder.EclipseLogger - skip non existing resourceDirectory /home/neha/workspace/MavenProject/src/test/resources
2016-10-19 23:37:42,178 [Worker-100] INFO  o.e.m.c.i.embedder.EclipseLogger - Using 'UTF-8' encoding to copy filtered resources.
2016-10-19 23:37:42,179 [Worker-100] INFO  o.e.m.c.i.embedder.EclipseLogger - Copying 1 resource
2016-10-19 23:37:42,179 [Worker-100] INFO  o.e.m.c.i.embedder.EclipseLogger - Copying 0 resource
2016-10-19 23:37:42,182 [Worker-100] INFO  o.e.m.c.i.embedder.EclipseLogger - Using 'UTF-8' encoding to copy filtered resources.
2016-10-19 23:37:42,182 [Worker-100] INFO  o.e.m.c.i.embedder.EclipseLogger - skip non existing resourceDirectory /home/neha/workspace/MavenProject/src/test/resources
2016-10-19 23:38:36,006 [Worker-96] INFO  o.e.m.c.i.embedder.EclipseLogger - Using 'UTF-8' encoding to copy filtered resources.
2016-10-19 23:38:36,007 [Worker-96] INFO  o.e.m.c.i.embedder.EclipseLogger - Copying 1 resource
2016-10-19 23:38:36,007 [Worker-96] INFO  o.e.m.c.i.embedder.EclipseLogger - Copying 0 resource
2016-10-19 23:38:36,010 [Worker-96] INFO  o.e.m.c.i.embedder.EclipseLogger - Using 'UTF-8' encoding to copy filtered resources.
2016-10-19 23:38:36,011 [Worker-96] INFO  o.e.m.c.i.embedder.EclipseLogger - skip non existing resourceDirectory /home/neha/workspace/MavenProject/src/test/resources
2016-10-19 23:39:07,360 [Worker-99] INFO  o.e.m.c.i.embedder.EclipseLogger - Using 'UTF-8' encoding to copy filtered resources.
2016-10-19 23:39:07,360 [Worker-99] INFO  o.e.m.c.i.embedder.EclipseLogger - Copying 1 resource
2016-10-19 23:39:07,361 [Worker-99] INFO  o.e.m.c.i.embedder.EclipseLogger - Copying 0 resource
2016-10-19 23:39:07,364 [Worker-99] INFO  o.e.m.c.i.embedder.EclipseLogger - Using 'UTF-8' encoding to copy filtered resources.
2016-10-19 23:39:07,364 [Worker-99] INFO  o.e.m.c.i.embedder.EclipseLogger - skip non existing resourceDirectory /home/neha/workspace/MavenProject/src/test/resources
2016-10-19 23:43:04,636 [Worker-102] INFO  o.e.m.c.i.embedder.EclipseLogger - Using 'UTF-8' encoding to copy filtered resources.
2016-10-19 23:43:04,637 [Worker-102] INFO  o.e.m.c.i.embedder.EclipseLogger - Copying 1 resource
2016-10-19 23:43:04,638 [Worker-102] INFO  o.e.m.c.i.embedder.EclipseLogger - Copying 0 resource
2016-10-19 23:43:04,640 [Worker-102] INFO  o.e.m.c.i.embedder.EclipseLogger - Using 'UTF-8' encoding to copy filtered resources.
2016-10-19 23:43:04,640 [Worker-102] INFO  o.e.m.c.i.embedder.EclipseLogger - skip non existing resourceDirectory /home/neha/workspace/MavenProject/src/test/resources
2016-10-19 23:43:15,440 [Worker-103] INFO  o.e.m.c.i.embedder.EclipseLogger - Using 'UTF-8' encoding to copy filtered resources.
2016-10-19 23:43:15,441 [Worker-103] INFO  o.e.m.c.i.embedder.EclipseLogger - Copying 1 resource
2016-10-19 23:43:15,441 [Worker-103] INFO  o.e.m.c.i.embedder.EclipseLogger - Copying 0 resource
2016-10-19 23:43:15,443 [Worker-103] INFO  o.e.m.c.i.embedder.EclipseLogger - Using 'UTF-8' encoding to copy filtered resources.
2016-10-19 23:43:15,444 [Worker-103] INFO  o.e.m.c.i.embedder.EclipseLogger - skip non existing resourceDirectory /home/neha/workspace/MavenProject/src/test/resources
2016-10-19 23:48:21,405 [Worker-106] INFO  o.e.m.c.i.embedder.EclipseLogger - Using 'UTF-8' encoding to copy filtered resources.
2016-10-19 23:48:21,406 [Worker-106] INFO  o.e.m.c.i.embedder.EclipseLogger - Copying 1 resource
2016-10-19 23:48:21,406 [Worker-106] INFO  o.e.m.c.i.embedder.EclipseLogger - Copying 0 resource
2016-10-19 23:48:21,408 [Worker-106] INFO  o.e.m.c.i.embedder.EclipseLogger - Using 'UTF-8' encoding to copy filtered resources.
2016-10-19 23:48:21,409 [Worker-106] INFO  o.e.m.c.i.embedder.EclipseLogger - skip non existing resourceDirectory /home/neha/workspace/MavenProject/src/test/resources
2016-10-19 23:56:53,623 [Worker-111] INFO  o.e.m.c.i.embedder.EclipseLogger - Using 'UTF-8' encoding to copy filtered resources.
2016-10-19 23:56:53,624 [Worker-111] INFO  o.e.m.c.i.embedder.EclipseLogger - Copying 1 resource
2016-10-19 23:56:53,624 [Worker-111] INFO  o.e.m.c.i.embedder.EclipseLogger - Copying 0 resource
2016-10-19 23:56:53,626 [Worker-111] INFO  o.e.m.c.i.embedder.EclipseLogger - Using 'UTF-8' encoding to copy filtered resources.
2016-10-19 23:56:53,626 [Worker-111] INFO  o.e.m.c.i.embedder.EclipseLogger - skip non existing resourceDirectory /home/neha/workspace/MavenProject/src/test/resources
2016-10-20 00:28:08,472 [Worker-125] INFO  o.e.m.c.i.embedder.EclipseLogger - Using 'UTF-8' encoding to copy filtered resources.
2016-10-20 00:28:08,515 [Worker-125] INFO  o.e.m.c.i.embedder.EclipseLogger - Copying 1 resource
2016-10-20 00:28:08,515 [Worker-125] INFO  o.e.m.c.i.embedder.EclipseLogger - Copying 0 resource
2016-10-20 00:28:08,518 [Worker-125] INFO  o.e.m.c.i.embedder.EclipseLogger - Using 'UTF-8' encoding to copy filtered resources.
2016-10-20 00:28:08,518 [Worker-125] INFO  o.e.m.c.i.embedder.EclipseLogger - skip non existing resourceDirectory /home/neha/workspace/MavenProject/src/test/resources
2016-10-20 00:32:29,074 [Worker-129] INFO  o.e.m.c.i.embedder.EclipseLogger - Using 'UTF-8' encoding to copy filtered resources.
2016-10-20 00:32:29,075 [Worker-129] INFO  o.e.m.c.i.embedder.EclipseLogger - Copying 1 resource
2016-10-20 00:32:29,075 [Worker-129] INFO  o.e.m.c.i.embedder.EclipseLogger - Copying 0 resource
2016-10-20 00:32:29,077 [Worker-129] INFO  o.e.m.c.i.embedder.EclipseLogger - Using 'UTF-8' encoding to copy filtered resources.
2016-10-20 00:32:29,077 [Worker-129] INFO  o.e.m.c.i.embedder.EclipseLogger - skip non existing resourceDirectory /home/neha/workspace/MavenProject/src/test/resources
2016-10-20 00:35:07,033 [Worker-131] INFO  o.e.m.c.i.embedder.EclipseLogger - Using 'UTF-8' encoding to copy filtered resources.
2016-10-20 00:35:07,034 [Worker-131] INFO  o.e.m.c.i.embedder.EclipseLogger - Copying 1 resource
2016-10-20 00:35:07,035 [Worker-131] INFO  o.e.m.c.i.embedder.EclipseLogger - Copying 0 resource
2016-10-20 00:35:07,038 [Worker-131] INFO  o.e.m.c.i.embedder.EclipseLogger - Using 'UTF-8' encoding to copy filtered resources.
2016-10-20 00:35:07,038 [Worker-131] INFO  o.e.m.c.i.embedder.EclipseLogger - skip non existing resourceDirectory /home/neha/workspace/MavenProject/src/test/resources
2016-10-20 00:38:51,066 [Worker-130] INFO  o.e.m.c.i.embedder.EclipseLogger - Using 'UTF-8' encoding to copy filtered resources.
2016-10-20 00:38:51,067 [Worker-130] INFO  o.e.m.c.i.embedder.EclipseLogger - Copying 1 resource
2016-10-20 00:38:51,068 [Worker-130] INFO  o.e.m.c.i.embedder.EclipseLogger - Copying 0 resource
2016-10-20 00:38:51,070 [Worker-130] INFO  o.e.m.c.i.embedder.EclipseLogger - Using 'UTF-8' encoding to copy filtered resources.
2016-10-20 00:38:51,070 [Worker-130] INFO  o.e.m.c.i.embedder.EclipseLogger - skip non existing resourceDirectory /home/neha/workspace/MavenProject/src/test/resources
2016-10-20 01:45:44,773 [Worker-143] INFO  o.e.m.c.i.embedder.EclipseLogger - Using 'UTF-8' encoding to copy filtered resources.
2016-10-20 01:45:44,774 [Worker-143] INFO  o.e.m.c.i.embedder.EclipseLogger - Copying 1 resource
2016-10-20 01:45:44,775 [Worker-143] INFO  o.e.m.c.i.embedder.EclipseLogger - Copying 0 resource
2016-10-20 01:45:44,777 [Worker-143] INFO  o.e.m.c.i.embedder.EclipseLogger - Using 'UTF-8' encoding to copy filtered resources.
2016-10-20 01:45:44,777 [Worker-143] INFO  o.e.m.c.i.embedder.EclipseLogger - skip non existing resourceDirectory /home/neha/workspace/MavenProject/src/test/resources
2016-10-20 01:55:04,328 [Worker-151] INFO  o.e.m.c.i.embedder.EclipseLogger - Using 'UTF-8' encoding to copy filtered resources.
2016-10-20 01:55:04,329 [Worker-151] INFO  o.e.m.c.i.embedder.EclipseLogger - Copying 1 resource
2016-10-20 01:55:04,330 [Worker-151] INFO  o.e.m.c.i.embedder.EclipseLogger - Copying 0 resource
2016-10-20 01:55:04,342 [Worker-151] INFO  o.e.m.c.i.embedder.EclipseLogger - Using 'UTF-8' encoding to copy filtered resources.
2016-10-20 01:55:04,343 [Worker-151] INFO  o.e.m.c.i.embedder.EclipseLogger - skip non existing resourceDirectory /home/neha/workspace/MavenProject/src/test/resources
2016-10-20 02:31:56,384 [Worker-173] INFO  o.e.m.c.i.embedder.EclipseLogger - Using 'UTF-8' encoding to copy filtered resources.
2016-10-20 02:31:56,385 [Worker-173] INFO  o.e.m.c.i.embedder.EclipseLogger - Copying 1 resource
2016-10-20 02:31:56,385 [Worker-173] INFO  o.e.m.c.i.embedder.EclipseLogger - Copying 0 resource
2016-10-20 02:31:56,387 [Worker-173] INFO  o.e.m.c.i.embedder.EclipseLogger - Using 'UTF-8' encoding to copy filtered resources.
2016-10-20 02:31:56,388 [Worker-173] INFO  o.e.m.c.i.embedder.EclipseLogger - skip non existing resourceDirectory /home/neha/workspace/MavenProject/src/test/resources
2016-10-20 03:03:39,447 [Worker-187] INFO  o.e.m.c.i.embedder.EclipseLogger - Using 'UTF-8' encoding to copy filtered resources.
2016-10-20 03:03:39,448 [Worker-187] INFO  o.e.m.c.i.embedder.EclipseLogger - Copying 1 resource
2016-10-20 03:03:39,449 [Worker-187] INFO  o.e.m.c.i.embedder.EclipseLogger - Copying 0 resource
2016-10-20 03:03:39,451 [Worker-187] INFO  o.e.m.c.i.embedder.EclipseLogger - Using 'UTF-8' encoding to copy filtered resources.
2016-10-20 03:03:39,452 [Worker-187] INFO  o.e.m.c.i.embedder.EclipseLogger - skip non existing resourceDirectory /home/neha/workspace/MavenProject/src/test/resources
2016-10-20 03:03:58,584 [Worker-184] INFO  o.e.m.c.i.embedder.EclipseLogger - Using 'UTF-8' encoding to copy filtered resources.
2016-10-20 03:03:58,585 [Worker-184] INFO  o.e.m.c.i.embedder.EclipseLogger - Copying 1 resource
2016-10-20 03:03:58,585 [Worker-184] INFO  o.e.m.c.i.embedder.EclipseLogger - Copying 0 resource
2016-10-20 03:03:58,587 [Worker-184] INFO  o.e.m.c.i.embedder.EclipseLogger - Using 'UTF-8' encoding to copy filtered resources.
2016-10-20 03:03:58,587 [Worker-184] INFO  o.e.m.c.i.embedder.EclipseLogger - skip non existing resourceDirectory /home/neha/workspace/MavenProject/src/test/resources
2016-10-20 03:21:17,376 [Worker-189] INFO  o.e.m.c.i.embedder.EclipseLogger - Using 'UTF-8' encoding to copy filtered resources.
2016-10-20 03:21:17,377 [Worker-189] INFO  o.e.m.c.i.embedder.EclipseLogger - Copying 1 resource
2016-10-20 03:21:17,378 [Worker-189] INFO  o.e.m.c.i.embedder.EclipseLogger - Copying 0 resource
2016-10-20 03:21:17,381 [Worker-189] INFO  o.e.m.c.i.embedder.EclipseLogger - Using 'UTF-8' encoding to copy filtered resources.
2016-10-20 03:21:17,381 [Worker-189] INFO  o.e.m.c.i.embedder.EclipseLogger - skip non existing resourceDirectory /home/neha/workspace/MavenProject/src/test/resources
2016-10-20 03:21:45,181 [Worker-192] INFO  o.e.m.c.i.embedder.EclipseLogger - Using 'UTF-8' encoding to copy filtered resources.
2016-10-20 03:21:45,182 [Worker-192] INFO  o.e.m.c.i.embedder.EclipseLogger - Copying 1 resource
2016-10-20 03:21:45,183 [Worker-192] INFO  o.e.m.c.i.embedder.EclipseLogger - Copying 0 resource
2016-10-20 03:21:45,185 [Worker-192] INFO  o.e.m.c.i.embedder.EclipseLogger - Using 'UTF-8' encoding to copy filtered resources.
2016-10-20 03:21:45,185 [Worker-192] INFO  o.e.m.c.i.embedder.EclipseLogger - skip non existing resourceDirectory /home/neha/workspace/MavenProject/src/test/resources
2016-10-20 03:32:21,946 [Worker-196] INFO  o.e.m.c.i.embedder.EclipseLogger - Using 'UTF-8' encoding to copy filtered resources.
2016-10-20 03:32:21,947 [Worker-196] INFO  o.e.m.c.i.embedder.EclipseLogger - Copying 1 resource
2016-10-20 03:32:21,948 [Worker-196] INFO  o.e.m.c.i.embedder.EclipseLogger - Copying 0 resource
2016-10-20 03:32:21,951 [Worker-196] INFO  o.e.m.c.i.embedder.EclipseLogger - Using 'UTF-8' encoding to copy filtered resources.
2016-10-20 03:32:21,951 [Worker-196] INFO  o.e.m.c.i.embedder.EclipseLogger - skip non existing resourceDirectory /home/neha/workspace/MavenProject/src/test/resources
2016-10-20 03:44:15,883 [Worker-207] INFO  o.e.m.c.i.embedder.EclipseLogger - Using 'UTF-8' encoding to copy filtered resources.
2016-10-20 03:44:15,883 [Worker-207] INFO  o.e.m.c.i.embedder.EclipseLogger - Copying 1 resource
2016-10-20 03:44:15,884 [Worker-207] INFO  o.e.m.c.i.embedder.EclipseLogger - Copying 0 resource
2016-10-20 03:44:15,886 [Worker-207] INFO  o.e.m.c.i.embedder.EclipseLogger - Using 'UTF-8' encoding to copy filtered resources.
2016-10-20 03:44:15,886 [Worker-207] INFO  o.e.m.c.i.embedder.EclipseLogger - skip non existing resourceDirectory /home/neha/workspace/MavenProject/src/test/resources
2016-10-20 04:12:01,129 [Worker-220] INFO  o.e.m.c.i.embedder.EclipseLogger - Using 'UTF-8' encoding to copy filtered resources.
2016-10-20 04:12:01,130 [Worker-220] INFO  o.e.m.c.i.embedder.EclipseLogger - Copying 1 resource
2016-10-20 04:12:01,131 [Worker-220] INFO  o.e.m.c.i.embedder.EclipseLogger - Copying 0 resource
2016-10-20 04:12:01,133 [Worker-220] INFO  o.e.m.c.i.embedder.EclipseLogger - Using 'UTF-8' encoding to copy filtered resources.
2016-10-20 04:12:01,133 [Worker-220] INFO  o.e.m.c.i.embedder.EclipseLogger - skip non existing resourceDirectory /home/neha/workspace/MavenProject/src/test/resources
2016-10-20 04:12:10,891 [Worker-221] INFO  o.e.m.c.i.embedder.EclipseLogger - Using 'UTF-8' encoding to copy filtered resources.
2016-10-20 04:12:10,891 [Worker-221] INFO  o.e.m.c.i.embedder.EclipseLogger - Copying 1 resource
2016-10-20 04:12:10,892 [Worker-221] INFO  o.e.m.c.i.embedder.EclipseLogger - Copying 0 resource
2016-10-20 04:12:10,895 [Worker-221] INFO  o.e.m.c.i.embedder.EclipseLogger - Using 'UTF-8' encoding to copy filtered resources.
2016-10-20 04:12:10,895 [Worker-221] INFO  o.e.m.c.i.embedder.EclipseLogger - skip non existing resourceDirectory /home/neha/workspace/MavenProject/src/test/resources
2016-10-20 04:12:17,652 [Worker-222] INFO  o.e.m.c.i.embedder.EclipseLogger - Using 'UTF-8' encoding to copy filtered resources.
2016-10-20 04:12:17,653 [Worker-222] INFO  o.e.m.c.i.embedder.EclipseLogger - Copying 1 resource
2016-10-20 04:12:17,653 [Worker-222] INFO  o.e.m.c.i.embedder.EclipseLogger - Copying 0 resource
2016-10-20 04:12:17,655 [Worker-222] INFO  o.e.m.c.i.embedder.EclipseLogger - Using 'UTF-8' encoding to copy filtered resources.
2016-10-20 04:12:17,655 [Worker-222] INFO  o.e.m.c.i.embedder.EclipseLogger - skip non existing resourceDirectory /home/neha/workspace/MavenProject/src/test/resources
2016-10-20 04:12:25,717 [Worker-221] INFO  o.e.m.c.i.embedder.EclipseLogger - Using 'UTF-8' encoding to copy filtered resources.
2016-10-20 04:12:25,717 [Worker-221] INFO  o.e.m.c.i.embedder.EclipseLogger - Copying 1 resource
2016-10-20 04:12:25,718 [Worker-221] INFO  o.e.m.c.i.embedder.EclipseLogger - Copying 0 resource
2016-10-20 04:12:25,726 [Worker-221] INFO  o.e.m.c.i.embedder.EclipseLogger - Using 'UTF-8' encoding to copy filtered resources.
2016-10-20 04:12:25,726 [Worker-221] INFO  o.e.m.c.i.embedder.EclipseLogger - skip non existing resourceDirectory /home/neha/workspace/MavenProject/src/test/resources
2016-10-20 04:12:38,701 [Worker-220] INFO  o.e.m.c.i.embedder.EclipseLogger - Using 'UTF-8' encoding to copy filtered resources.
2016-10-20 04:12:38,702 [Worker-220] INFO  o.e.m.c.i.embedder.EclipseLogger - Copying 1 resource
2016-10-20 04:12:38,702 [Worker-220] INFO  o.e.m.c.i.embedder.EclipseLogger - Copying 0 resource
2016-10-20 04:12:38,704 [Worker-220] INFO  o.e.m.c.i.embedder.EclipseLogger - Using 'UTF-8' encoding to copy filtered resources.
2016-10-20 04:12:38,705 [Worker-220] INFO  o.e.m.c.i.embedder.EclipseLogger - skip non existing resourceDirectory /home/neha/workspace/MavenProject/src/test/resources
2016-10-20 04:31:11,450 [Worker-233] INFO  o.e.m.c.i.embedder.EclipseLogger - Using 'UTF-8' encoding to copy filtered resources.
2016-10-20 04:31:11,451 [Worker-233] INFO  o.e.m.c.i.embedder.EclipseLogger - Copying 1 resource
2016-10-20 04:31:11,452 [Worker-233] INFO  o.e.m.c.i.embedder.EclipseLogger - Copying 0 resource
2016-10-20 04:31:11,455 [Worker-233] INFO  o.e.m.c.i.embedder.EclipseLogger - Using 'UTF-8' encoding to copy filtered resources.
2016-10-20 04:31:11,456 [Worker-233] INFO  o.e.m.c.i.embedder.EclipseLogger - skip non existing resourceDirectory /home/neha/workspace/MavenProject/src/test/resources
2016-10-20 04:31:35,911 [Worker-233] INFO  o.e.m.c.i.embedder.EclipseLogger - Using 'UTF-8' encoding to copy filtered resources.
2016-10-20 04:31:35,912 [Worker-233] INFO  o.e.m.c.i.embedder.EclipseLogger - Copying 1 resource
2016-10-20 04:31:35,912 [Worker-233] INFO  o.e.m.c.i.embedder.EclipseLogger - Copying 0 resource
2016-10-20 04:31:35,914 [Worker-233] INFO  o.e.m.c.i.embedder.EclipseLogger - Using 'UTF-8' encoding to copy filtered resources.
2016-10-20 04:31:35,915 [Worker-233] INFO  o.e.m.c.i.embedder.EclipseLogger - skip non existing resourceDirectory /home/neha/workspace/MavenProject/src/test/resources
2016-10-20 04:41:56,448 [Worker-241] INFO  o.e.m.c.i.embedder.EclipseLogger - Using 'UTF-8' encoding to copy filtered resources.
2016-10-20 04:41:56,449 [Worker-241] INFO  o.e.m.c.i.embedder.EclipseLogger - Copying 1 resource
2016-10-20 04:41:56,449 [Worker-241] INFO  o.e.m.c.i.embedder.EclipseLogger - Copying 0 resource
2016-10-20 04:41:56,452 [Worker-241] INFO  o.e.m.c.i.embedder.EclipseLogger - Using 'UTF-8' encoding to copy filtered resources.
2016-10-20 04:41:56,452 [Worker-241] INFO  o.e.m.c.i.embedder.EclipseLogger - skip non existing resourceDirectory /home/neha/workspace/MavenProject/src/test/resources
